<?xml version="1.0" encoding="UTF-8"?>
<testsuite xmlns:xsi="http://www.w3.org/2001/XMLSchema-instance" xsi:noNamespaceSchemaLocation="https://maven.apache.org/surefire/maven-surefire-plugin/xsd/surefire-test-report-3.0.xsd" version="3.0" name="com.medicas.atenciones.repository.PacienteRepositoryTest" time="2.945" tests="1" errors="0" skipped="0" failures="0">
  <properties>
[...]
</properties>
  <testcase name="obtenerPacienteByRutTest" classname="com.medicas.atenciones.repository.PacienteRepositoryTest" time="0.183">
    <system-out><![CDATA[2024-05-02T21:46:51.443-04:00 DEBUG 21740 --- [atenciones] [           main] b.t.a.o.j.DataJpaTestContextBootstrapper : Neither @ContextConfiguration nor @ContextHierarchy found for test class [PacienteRepositoryTest]: using SpringBootContextLoader
2024-05-02T21:46:51.447-04:00 DEBUG 21740 --- [atenciones] [           main] o.s.t.c.support.AbstractContextLoader    : Could not detect default resource locations for test class [com.medicas.atenciones.repository.PacienteRepositoryTest]: no resource found for suffixes {-context.xml, Context.groovy}.
2024-05-02T21:46:51.447-04:00  INFO 21740 --- [atenciones] [           main] t.c.s.AnnotationConfigContextLoaderUtils : Could not detect default configuration classes for test class [com.medicas.atenciones.repository.PacienteRepositoryTest]: PacienteRepositoryTest does not declare any static, non-private, non-final, nested classes annotated with @Configuration.
2024-05-02T21:46:51.455-04:00 DEBUG 21740 --- [atenciones] [           main] b.t.a.o.j.DataJpaTestContextBootstrapper : Using ContextCustomizerFactory implementations for test class [PacienteRepositoryTest]: [ImportsContextCustomizerFactory, ExcludeFilterContextCustomizerFactory, HttpGraphQlTesterContextCustomizerFactory, DuplicateJsonObjectContextCustomizerFactory, MockitoContextCustomizerFactory, TestRestTemplateContextCustomizerFactory, WebTestClientContextCustomizerFactory, OverrideAutoConfigurationContextCustomizerFactory, ObservabilityContextCustomizerFactory, TypeExcludeFiltersContextCustomizerFactory, PropertyMappingContextCustomizerFactory, WebDriverContextCustomizerFactory, MockServerContainerContextCustomizerFactory, DynamicPropertiesContextCustomizerFactory]
2024-05-02T21:46:51.525-04:00 DEBUG 21740 --- [atenciones] [           main] b.t.a.o.j.DataJpaTestContextBootstrapper : Using ContextCustomizers for test class [PacienteRepositoryTest]: [ImportsContextCustomizer, ExcludeFilterContextCustomizer, DuplicateJsonObjectContextCustomizer, MockitoContextCustomizer, DisableAutoConfigurationContextCustomizer, DisableObservabilityContextCustomizer, TypeExcludeFiltersContextCustomizer, PropertyMappingContextCustomizer, WebDriverContextCustomizer]
2024-05-02T21:46:51.552-04:00 DEBUG 21740 --- [atenciones] [           main] ssPathScanningCandidateComponentProvider : Identified candidate component class: file [D:\desarrollo_fullstack_1\EXP_2\S6\repositorio\MS_ATENCION_MED\atenciones\target\classes\com\medicas\atenciones\AtencionesApplication.class]
2024-05-02T21:46:51.552-04:00  INFO 21740 --- [atenciones] [           main] .b.t.c.SpringBootTestContextBootstrapper : Found @SpringBootConfiguration com.medicas.atenciones.AtencionesApplication for test class com.medicas.atenciones.repository.PacienteRepositoryTest
2024-05-02T21:46:51.553-04:00 DEBUG 21740 --- [atenciones] [           main] .s.t.c.u.TestContextSpringFactoriesUtils : Skipping candidate TestExecutionListener [org.springframework.test.context.observation.MicrometerObservationRegistryTestExecutionListener] due to a missing dependency. Specify custom TestExecutionListener classes or make the default TestExecutionListener classes and their required dependencies available. Offending class: io.micrometer.context.ThreadLocalAccessor. MicrometerObservationRegistryTestExecutionListener requires io.micrometer:micrometer-observation:1.10.8 or higher and io.micrometer:context-propagation:1.0.3 or higher.
2024-05-02T21:46:51.554-04:00 DEBUG 21740 --- [atenciones] [           main] b.t.a.o.j.DataJpaTestContextBootstrapper : Using TestExecutionListeners for test class [PacienteRepositoryTest]: [ServletTestExecutionListener, DirtiesContextBeforeModesTestExecutionListener, ApplicationEventsTestExecutionListener, MockitoTestExecutionListener, DependencyInjectionTestExecutionListener, DirtiesContextTestExecutionListener, TransactionalTestExecutionListener, SqlScriptsTestExecutionListener, EventPublishingTestExecutionListener, ResetMocksTestExecutionListener, RestDocsTestExecutionListener, MockRestServiceServerResetTestExecutionListener, MockMvcPrintOnlyOnFailureTestExecutionListener, WebDriverTestExecutionListener, MockWebServiceServerTestExecutionListener]
2024-05-02T21:46:51.555-04:00 DEBUG 21740 --- [atenciones] [           main] sContextBeforeModesTestExecutionListener : Before test class: class [PacienteRepositoryTest], class annotated with @DirtiesContext [false] with mode [null]
2024-05-02T21:46:52.054-04:00 DEBUG 21740 --- [atenciones] [           main] DependencyInjectionTestExecutionListener : Performing dependency injection for test class com.medicas.atenciones.repository.PacienteRepositoryTest
2024-05-02T21:46:52.058-04:00  INFO 21740 --- [atenciones] [           main] o.s.b.d.r.RestartApplicationListener     : Restart disabled due to context in which it is running
2024-05-02T21:46:52.108-04:00 DEBUG 21740 --- [atenciones] [           main] o.s.boot.ApplicationEnvironment          : Activating profiles []
2024-05-02T21:46:52.111-04:00 DEBUG 21740 --- [atenciones] [           main] o.s.c.e.PropertySourcesPropertyResolver  : Found key 'spring.application.name' in PropertySource 'configurationProperties' with value of type String

  .   ____          _            __ _ _
 /\\ / ___'_ __ _ _(_)_ __  __ _ \ \ \ \
( ( )\___ | '_ | '_| | '_ \/ _` | \ \ \ \
 \\/  ___)| |_)| | | | | || (_| |  ) ) ) )
  '  |____| .__|_| |_|_| |_\__, | / / / /
 =========|_|==============|___/=/_/_/_/
 :: Spring Boot ::                (v3.2.5)

2024-05-02T21:46:52.151-04:00  INFO 21740 --- [atenciones] [           main] c.m.a.repository.PacienteRepositoryTest  : Starting PacienteRepositoryTest using Java 21.0.2 with PID 21740 (started by Fatniel in D:\desarrollo_fullstack_1\EXP_2\S6\repositorio\MS_ATENCION_MED\atenciones)
2024-05-02T21:46:52.152-04:00  INFO 21740 --- [atenciones] [           main] c.m.a.repository.PacienteRepositoryTest  : No active profile set, falling back to 1 default profile: "default"
2024-05-02T21:46:52.152-04:00 DEBUG 21740 --- [atenciones] [           main] o.s.boot.SpringApplication               : Loading source class com.medicas.atenciones.AtencionesApplication
2024-05-02T21:46:52.165-04:00 DEBUG 21740 --- [atenciones] [           main] s.c.a.AnnotationConfigApplicationContext : Refreshing org.springframework.context.annotation.AnnotationConfigApplicationContext@76296c86
2024-05-02T21:46:52.172-04:00 DEBUG 21740 --- [atenciones] [           main] o.s.b.f.s.DefaultListableBeanFactory     : Creating shared instance of singleton bean 'org.springframework.context.annotation.internalConfigurationAnnotationProcessor'
2024-05-02T21:46:52.172-04:00 DEBUG 21740 --- [atenciones] [           main] o.s.b.f.s.DefaultListableBeanFactory     : Creating shared instance of singleton bean 'org.springframework.boot.autoconfigure.internalCachingMetadataReaderFactory'
2024-05-02T21:46:52.524-04:00  INFO 21740 --- [atenciones] [           main] .s.d.r.c.RepositoryConfigurationDelegate : Bootstrapping Spring Data JPA repositories in DEFAULT mode.
2024-05-02T21:46:52.525-04:00 DEBUG 21740 --- [atenciones] [           main] o.s.b.f.s.DefaultListableBeanFactory     : Creating shared instance of singleton bean 'org.springframework.boot.autoconfigure.AutoConfigurationPackages'
2024-05-02T21:46:52.525-04:00 DEBUG 21740 --- [atenciones] [           main] o.s.b.a.AutoConfigurationPackages        : @EnableAutoConfiguration was declared on a class in the package 'com.medicas.atenciones'. Automatic @Repository and @Entity scanning is enabled.
2024-05-02T21:46:52.525-04:00 DEBUG 21740 --- [atenciones] [           main] .s.d.r.c.RepositoryConfigurationDelegate : Scanning for JPA repositories in packages com.medicas.atenciones.
2024-05-02T21:46:52.536-04:00 DEBUG 21740 --- [atenciones] [           main] o.s.d.r.c.RepositoryComponentProvider    : Identified candidate component class: file [D:\desarrollo_fullstack_1\EXP_2\S6\repositorio\MS_ATENCION_MED\atenciones\target\classes\com\medicas\atenciones\repository\AtencionRepository.class]
2024-05-02T21:46:52.537-04:00 DEBUG 21740 --- [atenciones] [           main] o.s.d.r.c.RepositoryComponentProvider    : Identified candidate component class: file [D:\desarrollo_fullstack_1\EXP_2\S6\repositorio\MS_ATENCION_MED\atenciones\target\classes\com\medicas\atenciones\repository\MedicoRepository.class]
2024-05-02T21:46:52.537-04:00 DEBUG 21740 --- [atenciones] [           main] o.s.d.r.c.RepositoryComponentProvider    : Identified candidate component class: file [D:\desarrollo_fullstack_1\EXP_2\S6\repositorio\MS_ATENCION_MED\atenciones\target\classes\com\medicas\atenciones\repository\PacienteRepository.class]
2024-05-02T21:46:52.556-04:00 DEBUG 21740 --- [atenciones] [           main] ssPathScanningCandidateComponentProvider : Identified candidate component class: file [D:\desarrollo_fullstack_1\EXP_2\S6\repositorio\MS_ATENCION_MED\atenciones\target\classes\com\medicas\atenciones\service\AtencionServiceImpl.class]
2024-05-02T21:46:52.556-04:00 DEBUG 21740 --- [atenciones] [           main] ssPathScanningCandidateComponentProvider : Identified candidate component class: file [D:\desarrollo_fullstack_1\EXP_2\S6\repositorio\MS_ATENCION_MED\atenciones\target\classes\com\medicas\atenciones\service\MedicoServiceImpl.class]
2024-05-02T21:46:52.556-04:00 DEBUG 21740 --- [atenciones] [           main] ssPathScanningCandidateComponentProvider : Identified candidate component class: file [D:\desarrollo_fullstack_1\EXP_2\S6\repositorio\MS_ATENCION_MED\atenciones\target\classes\com\medicas\atenciones\service\PacienteServiceImpl.class]
2024-05-02T21:46:52.568-04:00  INFO 21740 --- [atenciones] [           main] .s.d.r.c.RepositoryConfigurationDelegate : Finished Spring Data repository scanning in 42 ms. Found 3 JPA repository interfaces.
2024-05-02T21:46:52.606-04:00 DEBUG 21740 --- [atenciones] [           main] o.s.b.f.s.DefaultListableBeanFactory     : Creating shared instance of singleton bean 'org.springframework.boot.test.context.ImportsContextCustomizer$ImportsCleanupPostProcessor'
2024-05-02T21:46:52.616-04:00 DEBUG 21740 --- [atenciones] [           main] o.s.b.f.s.DefaultListableBeanFactory     : Creating shared instance of singleton bean 'org.springframework.boot.test.mock.mockito.MockitoPostProcessor'
2024-05-02T21:46:52.616-04:00 DEBUG 21740 --- [atenciones] [           main] o.s.b.f.s.DefaultListableBeanFactory     : Creating shared instance of singleton bean 'emBeanDefinitionRegistrarPostProcessor'
2024-05-02T21:46:52.617-04:00 DEBUG 21740 --- [atenciones] [           main] o.s.b.f.s.DefaultListableBeanFactory     : Creating shared instance of singleton bean 'org.springframework.boot.sql.init.dependency.DatabaseInitializationDependencyConfigurer$DependsOnDatabaseInitializationPostProcessor'
2024-05-02T21:46:52.624-04:00 DEBUG 21740 --- [atenciones] [           main] o.s.b.f.s.DefaultListableBeanFactory     : Creating shared instance of singleton bean 'org.springframework.context.event.internalEventListenerProcessor'
2024-05-02T21:46:52.626-04:00 DEBUG 21740 --- [atenciones] [           main] o.s.b.f.s.DefaultListableBeanFactory     : Creating shared instance of singleton bean 'org.springframework.context.event.internalEventListenerFactory'
2024-05-02T21:46:52.626-04:00 DEBUG 21740 --- [atenciones] [           main] o.s.b.f.s.DefaultListableBeanFactory     : Creating shared instance of singleton bean 'org.springframework.transaction.config.internalTransactionalEventListenerFactory'
2024-05-02T21:46:52.631-04:00 DEBUG 21740 --- [atenciones] [           main] o.s.b.f.s.DefaultListableBeanFactory     : Creating shared instance of singleton bean 'org.springframework.context.annotation.internalAutowiredAnnotationProcessor'
2024-05-02T21:46:52.632-04:00 DEBUG 21740 --- [atenciones] [           main] o.s.b.f.s.DefaultListableBeanFactory     : Creating shared instance of singleton bean 'org.springframework.context.annotation.internalCommonAnnotationProcessor'
2024-05-02T21:46:52.633-04:00 DEBUG 21740 --- [atenciones] [           main] o.s.b.f.s.DefaultListableBeanFactory     : Creating shared instance of singleton bean 'org.springframework.context.annotation.internalPersistenceAnnotationProcessor'
2024-05-02T21:46:52.633-04:00 DEBUG 21740 --- [atenciones] [           main] o.s.b.f.s.DefaultListableBeanFactory     : Creating shared instance of singleton bean 'org.springframework.boot.test.mock.mockito.MockitoPostProcessor$SpyPostProcessor'
2024-05-02T21:46:52.634-04:00 DEBUG 21740 --- [atenciones] [           main] o.s.b.f.s.DefaultListableBeanFactory     : Creating shared instance of singleton bean 'jdbcConnectionDetailsHikariBeanPostProcessor'
2024-05-02T21:46:52.634-04:00 DEBUG 21740 --- [atenciones] [           main] o.s.b.f.s.DefaultListableBeanFactory     : Creating shared instance of singleton bean 'org.springframework.boot.context.properties.ConfigurationPropertiesBindingPostProcessor'
2024-05-02T21:46:52.634-04:00 DEBUG 21740 --- [atenciones] [           main] o.s.b.f.s.DefaultListableBeanFactory     : Creating shared instance of singleton bean 'org.springframework.boot.context.internalConfigurationPropertiesBinder'
2024-05-02T21:46:52.635-04:00 DEBUG 21740 --- [atenciones] [           main] o.s.b.f.s.DefaultListableBeanFactory     : Creating shared instance of singleton bean 'org.springframework.aop.config.internalAutoProxyCreator'
2024-05-02T21:46:52.639-04:00 DEBUG 21740 --- [atenciones] [           main] o.s.b.f.s.DefaultListableBeanFactory     : Creating shared instance of singleton bean 'dataSourceScriptDatabaseInitializer'
2024-05-02T21:46:52.640-04:00 DEBUG 21740 --- [atenciones] [           main] o.s.b.f.s.DefaultListableBeanFactory     : Creating shared instance of singleton bean 'org.springframework.boot.autoconfigure.sql.init.DataSourceInitializationConfiguration'
2024-05-02T21:46:52.641-04:00 DEBUG 21740 --- [atenciones] [           main] o.s.b.f.s.DefaultListableBeanFactory     : Creating shared instance of singleton bean 'org.springframework.transaction.config.internalTransactionAdvisor'
2024-05-02T21:46:52.641-04:00 DEBUG 21740 --- [atenciones] [           main] o.s.b.f.s.DefaultListableBeanFactory     : Creating shared instance of singleton bean 'org.springframework.transaction.annotation.ProxyTransactionManagementConfiguration'
2024-05-02T21:46:52.652-04:00 DEBUG 21740 --- [atenciones] [           main] o.s.b.f.s.DefaultListableBeanFactory     : Creating shared instance of singleton bean 'transactionAttributeSource'
2024-05-02T21:46:52.654-04:00 DEBUG 21740 --- [atenciones] [           main] o.s.b.f.s.DefaultListableBeanFactory     : Creating shared instance of singleton bean 'transactionInterceptor'
2024-05-02T21:46:52.654-04:00 DEBUG 21740 --- [atenciones] [           main] o.s.b.f.s.DefaultListableBeanFactory     : Autowiring by type from bean name 'transactionInterceptor' via factory method to bean named 'transactionAttributeSource'
2024-05-02T21:46:52.655-04:00 DEBUG 21740 --- [atenciones] [           main] o.s.b.f.s.DefaultListableBeanFactory     : Autowiring by type from bean name 'org.springframework.transaction.config.internalTransactionAdvisor' via factory method to bean named 'transactionAttributeSource'
2024-05-02T21:46:52.655-04:00 DEBUG 21740 --- [atenciones] [           main] o.s.b.f.s.DefaultListableBeanFactory     : Autowiring by type from bean name 'org.springframework.transaction.config.internalTransactionAdvisor' via factory method to bean named 'transactionInterceptor'
2024-05-02T21:46:52.656-04:00 DEBUG 21740 --- [atenciones] [           main] o.s.b.f.s.DefaultListableBeanFactory     : Creating shared instance of singleton bean 'dataSource'
2024-05-02T21:46:52.656-04:00 DEBUG 21740 --- [atenciones] [           main] o.s.b.f.s.DefaultListableBeanFactory     : Creating shared instance of singleton bean 'org.springframework.boot.autoconfigure.jdbc.DataSourceConfiguration$Hikari'
2024-05-02T21:46:52.657-04:00 DEBUG 21740 --- [atenciones] [           main] o.s.b.f.s.DefaultListableBeanFactory     : Creating shared instance of singleton bean 'spring.datasource-org.springframework.boot.autoconfigure.jdbc.DataSourceProperties'
2024-05-02T21:46:52.668-04:00 DEBUG 21740 --- [atenciones] [           main] o.s.b.f.s.DefaultListableBeanFactory     : Creating shared instance of singleton bean 'org.springframework.boot.context.properties.BoundConfigurationProperties'
2024-05-02T21:46:52.687-04:00 DEBUG 21740 --- [atenciones] [           main] o.s.b.f.s.DefaultListableBeanFactory     : Creating shared instance of singleton bean 'jdbcConnectionDetails'
2024-05-02T21:46:52.688-04:00 DEBUG 21740 --- [atenciones] [           main] o.s.b.f.s.DefaultListableBeanFactory     : Creating shared instance of singleton bean 'org.springframework.boot.autoconfigure.jdbc.DataSourceAutoConfiguration$PooledDataSourceConfiguration'
2024-05-02T21:46:52.689-04:00 DEBUG 21740 --- [atenciones] [           main] o.s.b.f.s.DefaultListableBeanFactory     : Autowiring by type from bean name 'jdbcConnectionDetails' via factory method to bean named 'spring.datasource-org.springframework.boot.autoconfigure.jdbc.DataSourceProperties'
2024-05-02T21:46:52.690-04:00 DEBUG 21740 --- [atenciones] [           main] o.s.b.f.s.DefaultListableBeanFactory     : Autowiring by type from bean name 'dataSource' via factory method to bean named 'spring.datasource-org.springframework.boot.autoconfigure.jdbc.DataSourceProperties'
2024-05-02T21:46:52.690-04:00 DEBUG 21740 --- [atenciones] [           main] o.s.b.f.s.DefaultListableBeanFactory     : Autowiring by type from bean name 'dataSource' via factory method to bean named 'jdbcConnectionDetails'
2024-05-02T21:46:52.717-04:00 DEBUG 21740 --- [atenciones] [           main] o.s.b.f.s.DefaultListableBeanFactory     : Creating shared instance of singleton bean 'spring.sql.init-org.springframework.boot.autoconfigure.sql.init.SqlInitializationProperties'
2024-05-02T21:46:52.720-04:00 DEBUG 21740 --- [atenciones] [           main] o.s.b.f.s.DefaultListableBeanFactory     : Autowiring by type from bean name 'dataSourceScriptDatabaseInitializer' via factory method to bean named 'dataSource'
2024-05-02T21:46:52.720-04:00 DEBUG 21740 --- [atenciones] [           main] o.s.b.f.s.DefaultListableBeanFactory     : Autowiring by type from bean name 'dataSourceScriptDatabaseInitializer' via factory method to bean named 'spring.sql.init-org.springframework.boot.autoconfigure.sql.init.SqlInitializationProperties'
2024-05-02T21:46:52.724-04:00 DEBUG 21740 --- [atenciones] [           main] o.s.b.f.s.DefaultListableBeanFactory     : Creating shared instance of singleton bean 'entityManagerFactory'
2024-05-02T21:46:52.724-04:00 DEBUG 21740 --- [atenciones] [           main] o.s.b.f.s.DefaultListableBeanFactory     : Creating shared instance of singleton bean 'org.springframework.boot.autoconfigure.orm.jpa.HibernateJpaConfiguration'
2024-05-02T21:46:52.725-04:00 DEBUG 21740 --- [atenciones] [           main] o.s.b.f.s.DefaultListableBeanFactory     : Creating shared instance of singleton bean 'spring.jpa-org.springframework.boot.autoconfigure.orm.jpa.JpaProperties'
2024-05-02T21:46:52.734-04:00 DEBUG 21740 --- [atenciones] [           main] o.s.b.f.s.DefaultListableBeanFactory     : Creating shared instance of singleton bean 'spring.jpa.hibernate-org.springframework.boot.autoconfigure.orm.jpa.HibernateProperties'
2024-05-02T21:46:52.736-04:00 DEBUG 21740 --- [atenciones] [           main] o.s.b.f.s.DefaultListableBeanFactory     : Autowiring by type from bean name 'org.springframework.boot.autoconfigure.orm.jpa.HibernateJpaConfiguration' via constructor to bean named 'dataSource'
2024-05-02T21:46:52.736-04:00 DEBUG 21740 --- [atenciones] [           main] o.s.b.f.s.DefaultListableBeanFactory     : Autowiring by type from bean name 'org.springframework.boot.autoconfigure.orm.jpa.HibernateJpaConfiguration' via constructor to bean named 'spring.jpa-org.springframework.boot.autoconfigure.orm.jpa.JpaProperties'
2024-05-02T21:46:52.736-04:00 DEBUG 21740 --- [atenciones] [           main] o.s.b.f.s.DefaultListableBeanFactory     : Autowiring by type from bean name 'org.springframework.boot.autoconfigure.orm.jpa.HibernateJpaConfiguration' via constructor to bean named 'org.springframework.beans.factory.support.DefaultListableBeanFactory@1bc467bd'
2024-05-02T21:46:52.736-04:00 DEBUG 21740 --- [atenciones] [           main] o.s.b.f.s.DefaultListableBeanFactory     : Autowiring by type from bean name 'org.springframework.boot.autoconfigure.orm.jpa.HibernateJpaConfiguration' via constructor to bean named 'spring.jpa.hibernate-org.springframework.boot.autoconfigure.orm.jpa.HibernateProperties'
2024-05-02T21:46:52.736-04:00 DEBUG 21740 --- [atenciones] [           main] o.s.b.f.s.DefaultListableBeanFactory     : Creating shared instance of singleton bean 'hikariPoolDataSourceMetadataProvider'
2024-05-02T21:46:52.737-04:00 DEBUG 21740 --- [atenciones] [           main] o.s.b.f.s.DefaultListableBeanFactory     : Creating shared instance of singleton bean 'org.springframework.boot.autoconfigure.jdbc.metadata.DataSourcePoolMetadataProvidersConfiguration$HikariPoolDataSourceMetadataProviderConfiguration'
2024-05-02T21:46:52.740-04:00 DEBUG 21740 --- [atenciones] [           main] o.s.b.f.s.DefaultListableBeanFactory     : Creating shared instance of singleton bean 'entityManagerFactoryBuilder'
2024-05-02T21:46:52.740-04:00 DEBUG 21740 --- [atenciones] [           main] o.s.b.f.s.DefaultListableBeanFactory     : Creating shared instance of singleton bean 'jpaVendorAdapter'
2024-05-02T21:46:52.742-04:00 DEBUG 21740 --- [atenciones] [           main] o.s.b.f.s.DefaultListableBeanFactory     : Autowiring by type from bean name 'entityManagerFactoryBuilder' via factory method to bean named 'jpaVendorAdapter'
2024-05-02T21:46:52.743-04:00 DEBUG 21740 --- [atenciones] [           main] o.s.b.f.s.DefaultListableBeanFactory     : Creating shared instance of singleton bean 'persistenceManagedTypes'
2024-05-02T21:46:52.743-04:00 DEBUG 21740 --- [atenciones] [           main] o.s.b.f.s.DefaultListableBeanFactory     : Autowiring by type from bean name 'persistenceManagedTypes' via factory method to bean named 'org.springframework.beans.factory.support.DefaultListableBeanFactory@1bc467bd'
2024-05-02T21:46:52.743-04:00 DEBUG 21740 --- [atenciones] [           main] o.s.b.f.s.DefaultListableBeanFactory     : Autowiring by type from bean name 'persistenceManagedTypes' via factory method to bean named 'org.springframework.context.annotation.AnnotationConfigApplicationContext@76296c86'
2024-05-02T21:46:52.751-04:00 DEBUG 21740 --- [atenciones] [           main] o.s.b.f.s.DefaultListableBeanFactory     : Autowiring by type from bean name 'entityManagerFactory' via factory method to bean named 'entityManagerFactoryBuilder'
2024-05-02T21:46:52.751-04:00 DEBUG 21740 --- [atenciones] [           main] o.s.b.f.s.DefaultListableBeanFactory     : Autowiring by type from bean name 'entityManagerFactory' via factory method to bean named 'persistenceManagedTypes'
2024-05-02T21:46:52.752-04:00 DEBUG 21740 --- [atenciones] [           main] j.LocalContainerEntityManagerFactoryBean : Building JPA container EntityManagerFactory for persistence unit 'default'
2024-05-02T21:46:52.752-04:00 DEBUG 21740 --- [atenciones] [           main] o.hibernate.jpa.internal.util.LogHelper  : PersistenceUnitInfo [
	name: default
	persistence provider classname: null
	classloader: jdk.internal.loader.ClassLoaders$AppClassLoader@70dea4e
	excludeUnlistedClasses: true
	JTA datasource: null
	Non JTA datasource: HikariDataSource (null)
	Transaction type: RESOURCE_LOCAL
	PU root URL: file:/D:/desarrollo_fullstack_1/EXP_2/S6/repositorio/MS_ATENCION_MED/atenciones/target/test-classes/
	Shared Cache Mode: UNSPECIFIED
	Validation Mode: AUTO
	Jar files URLs []
	Managed classes names [
		com.medicas.atenciones.model.Atencion
		com.medicas.atenciones.model.Medico
		com.medicas.atenciones.model.Paciente]
	Mapping files names []
	Properties []
2024-05-02T21:46:52.752-04:00 DEBUG 21740 --- [atenciones] [           main] o.h.i.internal.IntegratorServiceImpl     : Adding Integrator [org.hibernate.boot.beanvalidation.BeanValidationIntegrator].
2024-05-02T21:46:52.752-04:00 DEBUG 21740 --- [atenciones] [           main] o.h.i.internal.IntegratorServiceImpl     : Adding Integrator [org.hibernate.cache.internal.CollectionCacheInvalidator].
2024-05-02T21:46:52.756-04:00 DEBUG 21740 --- [atenciones] [           main] org.hibernate.orm.idgen.factory          : Registering IdentifierGenerator strategy [uuid2] -> [org.hibernate.id.UUIDGenerator]
2024-05-02T21:46:52.756-04:00 DEBUG 21740 --- [atenciones] [           main] org.hibernate.orm.idgen.factory          : Registering IdentifierGenerator strategy [guid] -> [org.hibernate.id.GUIDGenerator]
2024-05-02T21:46:52.756-04:00 DEBUG 21740 --- [atenciones] [           main] org.hibernate.orm.idgen.factory          : Registering IdentifierGenerator strategy [uuid] -> [org.hibernate.id.UUIDHexGenerator]
2024-05-02T21:46:52.756-04:00 DEBUG 21740 --- [atenciones] [           main] org.hibernate.orm.idgen.factory          : Registering IdentifierGenerator strategy [uuid.hex] -> [org.hibernate.id.UUIDHexGenerator]
2024-05-02T21:46:52.756-04:00 DEBUG 21740 --- [atenciones] [           main] org.hibernate.orm.idgen.factory          : Registering IdentifierGenerator strategy [assigned] -> [org.hibernate.id.Assigned]
2024-05-02T21:46:52.756-04:00 DEBUG 21740 --- [atenciones] [           main] org.hibernate.orm.idgen.factory          : Registering IdentifierGenerator strategy [identity] -> [org.hibernate.id.IdentityGenerator]
2024-05-02T21:46:52.757-04:00 DEBUG 21740 --- [atenciones] [           main] org.hibernate.orm.idgen.factory          : Registering IdentifierGenerator strategy [select] -> [org.hibernate.id.SelectGenerator]
2024-05-02T21:46:52.757-04:00 DEBUG 21740 --- [atenciones] [           main] org.hibernate.orm.idgen.factory          : Registering IdentifierGenerator strategy [sequence] -> [org.hibernate.id.enhanced.SequenceStyleGenerator]
2024-05-02T21:46:52.757-04:00 DEBUG 21740 --- [atenciones] [           main] org.hibernate.orm.idgen.factory          : Registering IdentifierGenerator strategy [increment] -> [org.hibernate.id.IncrementGenerator]
2024-05-02T21:46:52.757-04:00 DEBUG 21740 --- [atenciones] [           main] org.hibernate.orm.idgen.factory          : Registering IdentifierGenerator strategy [foreign] -> [org.hibernate.id.ForeignGenerator]
2024-05-02T21:46:52.757-04:00 DEBUG 21740 --- [atenciones] [           main] org.hibernate.orm.idgen.factory          : Registering IdentifierGenerator strategy [enhanced-sequence] -> [org.hibernate.id.enhanced.SequenceStyleGenerator]
2024-05-02T21:46:52.757-04:00 DEBUG 21740 --- [atenciones] [           main] org.hibernate.orm.idgen.factory          : Registering IdentifierGenerator strategy [enhanced-table] -> [org.hibernate.id.enhanced.TableGenerator]
2024-05-02T21:46:52.757-04:00 DEBUG 21740 --- [atenciones] [           main] o.h.c.internal.RegionFactoryInitiator    : Cannot default RegionFactory based on registered strategies as `[]` RegionFactory strategies were registered
2024-05-02T21:46:52.757-04:00  INFO 21740 --- [atenciones] [           main] o.h.c.internal.RegionFactoryInitiator    : HHH000026: Second-level cache disabled
2024-05-02T21:46:52.758-04:00 DEBUG 21740 --- [atenciones] [           main] org.hibernate.type.BasicTypeRegistry     : Adding type registration boolean -> org.hibernate.type.BasicTypeReference@2707c790
2024-05-02T21:46:52.758-04:00 DEBUG 21740 --- [atenciones] [           main] org.hibernate.type.BasicTypeRegistry     : Adding type registration boolean -> org.hibernate.type.BasicTypeReference@2707c790
2024-05-02T21:46:52.758-04:00 DEBUG 21740 --- [atenciones] [           main] org.hibernate.type.BasicTypeRegistry     : Adding type registration java.lang.Boolean -> org.hibernate.type.BasicTypeReference@2707c790
2024-05-02T21:46:52.758-04:00 DEBUG 21740 --- [atenciones] [           main] org.hibernate.type.BasicTypeRegistry     : Adding type registration numeric_boolean -> org.hibernate.type.BasicTypeReference@7de3206d
2024-05-02T21:46:52.758-04:00 DEBUG 21740 --- [atenciones] [           main] org.hibernate.type.BasicTypeRegistry     : Adding type registration org.hibernate.type.NumericBooleanConverter -> org.hibernate.type.BasicTypeReference@7de3206d
2024-05-02T21:46:52.758-04:00 DEBUG 21740 --- [atenciones] [           main] org.hibernate.type.BasicTypeRegistry     : Adding type registration true_false -> org.hibernate.type.BasicTypeReference@6dece1f9
2024-05-02T21:46:52.758-04:00 DEBUG 21740 --- [atenciones] [           main] org.hibernate.type.BasicTypeRegistry     : Adding type registration org.hibernate.type.TrueFalseConverter -> org.hibernate.type.BasicTypeReference@6dece1f9
2024-05-02T21:46:52.759-04:00 DEBUG 21740 --- [atenciones] [           main] org.hibernate.type.BasicTypeRegistry     : Adding type registration yes_no -> org.hibernate.type.BasicTypeReference@2b936b04
2024-05-02T21:46:52.759-04:00 DEBUG 21740 --- [atenciones] [           main] org.hibernate.type.BasicTypeRegistry     : Adding type registration org.hibernate.type.YesNoConverter -> org.hibernate.type.BasicTypeReference@2b936b04
2024-05-02T21:46:52.759-04:00 DEBUG 21740 --- [atenciones] [           main] org.hibernate.type.BasicTypeRegistry     : Adding type registration byte -> org.hibernate.type.BasicTypeReference@32b112a1
2024-05-02T21:46:52.759-04:00 DEBUG 21740 --- [atenciones] [           main] org.hibernate.type.BasicTypeRegistry     : Adding type registration byte -> org.hibernate.type.BasicTypeReference@32b112a1
2024-05-02T21:46:52.759-04:00 DEBUG 21740 --- [atenciones] [           main] org.hibernate.type.BasicTypeRegistry     : Adding type registration java.lang.Byte -> org.hibernate.type.BasicTypeReference@32b112a1
2024-05-02T21:46:52.759-04:00 DEBUG 21740 --- [atenciones] [           main] org.hibernate.type.BasicTypeRegistry     : Adding type registration binary -> org.hibernate.type.BasicTypeReference@5635bcd2
2024-05-02T21:46:52.759-04:00 DEBUG 21740 --- [atenciones] [           main] org.hibernate.type.BasicTypeRegistry     : Adding type registration byte[] -> org.hibernate.type.BasicTypeReference@5635bcd2
2024-05-02T21:46:52.759-04:00 DEBUG 21740 --- [atenciones] [           main] org.hibernate.type.BasicTypeRegistry     : Adding type registration [B -> org.hibernate.type.BasicTypeReference@5635bcd2
2024-05-02T21:46:52.759-04:00 DEBUG 21740 --- [atenciones] [           main] org.hibernate.type.BasicTypeRegistry     : Adding type registration binary_wrapper -> org.hibernate.type.BasicTypeReference@5c5c7cc4
2024-05-02T21:46:52.759-04:00 DEBUG 21740 --- [atenciones] [           main] org.hibernate.type.BasicTypeRegistry     : Adding type registration wrapper-binary -> org.hibernate.type.BasicTypeReference@5c5c7cc4
2024-05-02T21:46:52.759-04:00 DEBUG 21740 --- [atenciones] [           main] org.hibernate.type.BasicTypeRegistry     : Adding type registration image -> org.hibernate.type.BasicTypeReference@6c27e700
2024-05-02T21:46:52.759-04:00 DEBUG 21740 --- [atenciones] [           main] org.hibernate.type.BasicTypeRegistry     : Adding type registration blob -> org.hibernate.type.BasicTypeReference@56b9d43f
2024-05-02T21:46:52.760-04:00 DEBUG 21740 --- [atenciones] [           main] org.hibernate.type.BasicTypeRegistry     : Adding type registration java.sql.Blob -> org.hibernate.type.BasicTypeReference@56b9d43f
2024-05-02T21:46:52.760-04:00 DEBUG 21740 --- [atenciones] [           main] org.hibernate.type.BasicTypeRegistry     : Adding type registration materialized_blob -> org.hibernate.type.BasicTypeReference@2d913116
2024-05-02T21:46:52.760-04:00 DEBUG 21740 --- [atenciones] [           main] org.hibernate.type.BasicTypeRegistry     : Adding type registration materialized_blob_wrapper -> org.hibernate.type.BasicTypeReference@1214d23c
2024-05-02T21:46:52.760-04:00 DEBUG 21740 --- [atenciones] [           main] org.hibernate.type.BasicTypeRegistry     : Adding type registration short -> org.hibernate.type.BasicTypeReference@41582899
2024-05-02T21:46:52.760-04:00 DEBUG 21740 --- [atenciones] [           main] org.hibernate.type.BasicTypeRegistry     : Adding type registration short -> org.hibernate.type.BasicTypeReference@41582899
2024-05-02T21:46:52.760-04:00 DEBUG 21740 --- [atenciones] [           main] org.hibernate.type.BasicTypeRegistry     : Adding type registration java.lang.Short -> org.hibernate.type.BasicTypeReference@41582899
2024-05-02T21:46:52.760-04:00 DEBUG 21740 --- [atenciones] [           main] org.hibernate.type.BasicTypeRegistry     : Adding type registration integer -> org.hibernate.type.BasicTypeReference@595814a1
2024-05-02T21:46:52.760-04:00 DEBUG 21740 --- [atenciones] [           main] org.hibernate.type.BasicTypeRegistry     : Adding type registration int -> org.hibernate.type.BasicTypeReference@595814a1
2024-05-02T21:46:52.760-04:00 DEBUG 21740 --- [atenciones] [           main] org.hibernate.type.BasicTypeRegistry     : Adding type registration java.lang.Integer -> org.hibernate.type.BasicTypeReference@595814a1
2024-05-02T21:46:52.763-04:00 DEBUG 21740 --- [atenciones] [           main] org.hibernate.type.BasicTypeRegistry     : Adding type registration long -> org.hibernate.type.BasicTypeReference@7de5871d
2024-05-02T21:46:52.765-04:00 DEBUG 21740 --- [atenciones] [           main] org.hibernate.type.BasicTypeRegistry     : Adding type registration long -> org.hibernate.type.BasicTypeReference@7de5871d
2024-05-02T21:46:52.766-04:00 DEBUG 21740 --- [atenciones] [           main] org.hibernate.type.BasicTypeRegistry     : Adding type registration java.lang.Long -> org.hibernate.type.BasicTypeReference@7de5871d
2024-05-02T21:46:52.766-04:00 DEBUG 21740 --- [atenciones] [           main] org.hibernate.type.BasicTypeRegistry     : Adding type registration float -> org.hibernate.type.BasicTypeReference@49d42faf
2024-05-02T21:46:52.766-04:00 DEBUG 21740 --- [atenciones] [           main] org.hibernate.type.BasicTypeRegistry     : Adding type registration float -> org.hibernate.type.BasicTypeReference@49d42faf
2024-05-02T21:46:52.766-04:00 DEBUG 21740 --- [atenciones] [           main] org.hibernate.type.BasicTypeRegistry     : Adding type registration java.lang.Float -> org.hibernate.type.BasicTypeReference@49d42faf
2024-05-02T21:46:52.766-04:00 DEBUG 21740 --- [atenciones] [           main] org.hibernate.type.BasicTypeRegistry     : Adding type registration double -> org.hibernate.type.BasicTypeReference@4948daec
2024-05-02T21:46:52.766-04:00 DEBUG 21740 --- [atenciones] [           main] org.hibernate.type.BasicTypeRegistry     : Adding type registration double -> org.hibernate.type.BasicTypeReference@4948daec
2024-05-02T21:46:52.766-04:00 DEBUG 21740 --- [atenciones] [           main] org.hibernate.type.BasicTypeRegistry     : Adding type registration java.lang.Double -> org.hibernate.type.BasicTypeReference@4948daec
2024-05-02T21:46:52.766-04:00 DEBUG 21740 --- [atenciones] [           main] org.hibernate.type.BasicTypeRegistry     : Adding type registration big_integer -> org.hibernate.type.BasicTypeReference@502c2278
2024-05-02T21:46:52.766-04:00 DEBUG 21740 --- [atenciones] [           main] org.hibernate.type.BasicTypeRegistry     : Adding type registration java.math.BigInteger -> org.hibernate.type.BasicTypeReference@502c2278
2024-05-02T21:46:52.766-04:00 DEBUG 21740 --- [atenciones] [           main] org.hibernate.type.BasicTypeRegistry     : Adding type registration big_decimal -> org.hibernate.type.BasicTypeReference@1209a0f
2024-05-02T21:46:52.767-04:00 DEBUG 21740 --- [atenciones] [           main] org.hibernate.type.BasicTypeRegistry     : Adding type registration java.math.BigDecimal -> org.hibernate.type.BasicTypeReference@1209a0f
2024-05-02T21:46:52.767-04:00 DEBUG 21740 --- [atenciones] [           main] org.hibernate.type.BasicTypeRegistry     : Adding type registration character -> org.hibernate.type.BasicTypeReference@696174d3
2024-05-02T21:46:52.767-04:00 DEBUG 21740 --- [atenciones] [           main] org.hibernate.type.BasicTypeRegistry     : Adding type registration char -> org.hibernate.type.BasicTypeReference@696174d3
2024-05-02T21:46:52.767-04:00 DEBUG 21740 --- [atenciones] [           main] org.hibernate.type.BasicTypeRegistry     : Adding type registration java.lang.Character -> org.hibernate.type.BasicTypeReference@696174d3
2024-05-02T21:46:52.767-04:00 DEBUG 21740 --- [atenciones] [           main] org.hibernate.type.BasicTypeRegistry     : Adding type registration character_nchar -> org.hibernate.type.BasicTypeReference@66715ca9
2024-05-02T21:46:52.767-04:00 DEBUG 21740 --- [atenciones] [           main] org.hibernate.type.BasicTypeRegistry     : Adding type registration string -> org.hibernate.type.BasicTypeReference@577f9dfd
2024-05-02T21:46:52.767-04:00 DEBUG 21740 --- [atenciones] [           main] org.hibernate.type.BasicTypeRegistry     : Adding type registration java.lang.String -> org.hibernate.type.BasicTypeReference@577f9dfd
2024-05-02T21:46:52.767-04:00 DEBUG 21740 --- [atenciones] [           main] org.hibernate.type.BasicTypeRegistry     : Adding type registration nstring -> org.hibernate.type.BasicTypeReference@520a95ff
2024-05-02T21:46:52.767-04:00 DEBUG 21740 --- [atenciones] [           main] org.hibernate.type.BasicTypeRegistry     : Adding type registration characters -> org.hibernate.type.BasicTypeReference@30afb481
2024-05-02T21:46:52.767-04:00 DEBUG 21740 --- [atenciones] [           main] org.hibernate.type.BasicTypeRegistry     : Adding type registration char[] -> org.hibernate.type.BasicTypeReference@30afb481
2024-05-02T21:46:52.767-04:00 DEBUG 21740 --- [atenciones] [           main] org.hibernate.type.BasicTypeRegistry     : Adding type registration [C -> org.hibernate.type.BasicTypeReference@30afb481
2024-05-02T21:46:52.767-04:00 DEBUG 21740 --- [atenciones] [           main] org.hibernate.type.BasicTypeRegistry     : Adding type registration wrapper-characters -> org.hibernate.type.BasicTypeReference@5c573229
2024-05-02T21:46:52.767-04:00 DEBUG 21740 --- [atenciones] [           main] org.hibernate.type.BasicTypeRegistry     : Adding type registration text -> org.hibernate.type.BasicTypeReference@77ecdc2b
2024-05-02T21:46:52.767-04:00 DEBUG 21740 --- [atenciones] [           main] org.hibernate.type.BasicTypeRegistry     : Adding type registration ntext -> org.hibernate.type.BasicTypeReference@714f1a44
2024-05-02T21:46:52.767-04:00 DEBUG 21740 --- [atenciones] [           main] org.hibernate.type.BasicTypeRegistry     : Adding type registration clob -> org.hibernate.type.BasicTypeReference@3c09a350
2024-05-02T21:46:52.767-04:00 DEBUG 21740 --- [atenciones] [           main] org.hibernate.type.BasicTypeRegistry     : Adding type registration java.sql.Clob -> org.hibernate.type.BasicTypeReference@3c09a350
2024-05-02T21:46:52.767-04:00 DEBUG 21740 --- [atenciones] [           main] org.hibernate.type.BasicTypeRegistry     : Adding type registration nclob -> org.hibernate.type.BasicTypeReference@592a1882
2024-05-02T21:46:52.767-04:00 DEBUG 21740 --- [atenciones] [           main] org.hibernate.type.BasicTypeRegistry     : Adding type registration java.sql.NClob -> org.hibernate.type.BasicTypeReference@592a1882
2024-05-02T21:46:52.784-04:00 DEBUG 21740 --- [atenciones] [           main] org.hibernate.type.BasicTypeRegistry     : Adding type registration materialized_clob -> org.hibernate.type.BasicTypeReference@48368a08
2024-05-02T21:46:52.784-04:00 DEBUG 21740 --- [atenciones] [           main] org.hibernate.type.BasicTypeRegistry     : Adding type registration materialized_clob_char_array -> org.hibernate.type.BasicTypeReference@41a23470
2024-05-02T21:46:52.785-04:00 DEBUG 21740 --- [atenciones] [           main] org.hibernate.type.BasicTypeRegistry     : Adding type registration materialized_clob_character_array -> org.hibernate.type.BasicTypeReference@30c01c37
2024-05-02T21:46:52.786-04:00 DEBUG 21740 --- [atenciones] [           main] org.hibernate.type.BasicTypeRegistry     : Adding type registration materialized_nclob -> org.hibernate.type.BasicTypeReference@39a7eca5
2024-05-02T21:46:52.786-04:00 DEBUG 21740 --- [atenciones] [           main] org.hibernate.type.BasicTypeRegistry     : Adding type registration materialized_nclob_character_array -> org.hibernate.type.BasicTypeReference@45bd4753
2024-05-02T21:46:52.786-04:00 DEBUG 21740 --- [atenciones] [           main] org.hibernate.type.BasicTypeRegistry     : Adding type registration materialized_nclob_char_array -> org.hibernate.type.BasicTypeReference@156cfa20
2024-05-02T21:46:52.786-04:00 DEBUG 21740 --- [atenciones] [           main] org.hibernate.type.BasicTypeRegistry     : Adding type registration Duration -> org.hibernate.type.BasicTypeReference@25fd6d1e
2024-05-02T21:46:52.786-04:00 DEBUG 21740 --- [atenciones] [           main] org.hibernate.type.BasicTypeRegistry     : Adding type registration java.time.Duration -> org.hibernate.type.BasicTypeReference@25fd6d1e
2024-05-02T21:46:52.786-04:00 DEBUG 21740 --- [atenciones] [           main] org.hibernate.type.BasicTypeRegistry     : Adding type registration LocalDateTime -> org.hibernate.type.BasicTypeReference@23396fc0
2024-05-02T21:46:52.786-04:00 DEBUG 21740 --- [atenciones] [           main] org.hibernate.type.BasicTypeRegistry     : Adding type registration java.time.LocalDateTime -> org.hibernate.type.BasicTypeReference@23396fc0
2024-05-02T21:46:52.786-04:00 DEBUG 21740 --- [atenciones] [           main] org.hibernate.type.BasicTypeRegistry     : Adding type registration LocalDate -> org.hibernate.type.BasicTypeReference@c11332b
2024-05-02T21:46:52.786-04:00 DEBUG 21740 --- [atenciones] [           main] org.hibernate.type.BasicTypeRegistry     : Adding type registration java.time.LocalDate -> org.hibernate.type.BasicTypeReference@c11332b
2024-05-02T21:46:52.786-04:00 DEBUG 21740 --- [atenciones] [           main] org.hibernate.type.BasicTypeRegistry     : Adding type registration LocalTime -> org.hibernate.type.BasicTypeReference@7e5e6573
2024-05-02T21:46:52.786-04:00 DEBUG 21740 --- [atenciones] [           main] org.hibernate.type.BasicTypeRegistry     : Adding type registration java.time.LocalTime -> org.hibernate.type.BasicTypeReference@7e5e6573
2024-05-02T21:46:52.786-04:00 DEBUG 21740 --- [atenciones] [           main] org.hibernate.type.BasicTypeRegistry     : Adding type registration OffsetDateTime -> org.hibernate.type.BasicTypeReference@3005623b
2024-05-02T21:46:52.787-04:00 DEBUG 21740 --- [atenciones] [           main] org.hibernate.type.BasicTypeRegistry     : Adding type registration java.time.OffsetDateTime -> org.hibernate.type.BasicTypeReference@3005623b
2024-05-02T21:46:52.787-04:00 DEBUG 21740 --- [atenciones] [           main] org.hibernate.type.BasicTypeRegistry     : Adding type registration OffsetDateTimeWithTimezone -> org.hibernate.type.BasicTypeReference@58aa5c94
2024-05-02T21:46:52.787-04:00 DEBUG 21740 --- [atenciones] [           main] org.hibernate.type.BasicTypeRegistry     : Adding type registration OffsetDateTimeWithoutTimezone -> org.hibernate.type.BasicTypeReference@5d27b4c1
2024-05-02T21:46:52.787-04:00 DEBUG 21740 --- [atenciones] [           main] org.hibernate.type.BasicTypeRegistry     : Adding type registration OffsetTime -> org.hibernate.type.BasicTypeReference@50df37eb
2024-05-02T21:46:52.787-04:00 DEBUG 21740 --- [atenciones] [           main] org.hibernate.type.BasicTypeRegistry     : Adding type registration java.time.OffsetTime -> org.hibernate.type.BasicTypeReference@50df37eb
2024-05-02T21:46:52.787-04:00 DEBUG 21740 --- [atenciones] [           main] org.hibernate.type.BasicTypeRegistry     : Adding type registration OffsetTimeUtc -> org.hibernate.type.BasicTypeReference@4b508371
2024-05-02T21:46:52.787-04:00 DEBUG 21740 --- [atenciones] [           main] org.hibernate.type.BasicTypeRegistry     : Adding type registration OffsetTimeWithTimezone -> org.hibernate.type.BasicTypeReference@41143873
2024-05-02T21:46:52.787-04:00 DEBUG 21740 --- [atenciones] [           main] org.hibernate.type.BasicTypeRegistry     : Adding type registration OffsetTimeWithoutTimezone -> org.hibernate.type.BasicTypeReference@21f50d2c
2024-05-02T21:46:52.787-04:00 DEBUG 21740 --- [atenciones] [           main] org.hibernate.type.BasicTypeRegistry     : Adding type registration ZonedDateTime -> org.hibernate.type.BasicTypeReference@8bc0696
2024-05-02T21:46:52.787-04:00 DEBUG 21740 --- [atenciones] [           main] org.hibernate.type.BasicTypeRegistry     : Adding type registration java.time.ZonedDateTime -> org.hibernate.type.BasicTypeReference@8bc0696
2024-05-02T21:46:52.787-04:00 DEBUG 21740 --- [atenciones] [           main] org.hibernate.type.BasicTypeRegistry     : Adding type registration ZonedDateTimeWithTimezone -> org.hibernate.type.BasicTypeReference@473847fb
2024-05-02T21:46:52.787-04:00 DEBUG 21740 --- [atenciones] [           main] org.hibernate.type.BasicTypeRegistry     : Adding type registration ZonedDateTimeWithoutTimezone -> org.hibernate.type.BasicTypeReference@270f28cf
2024-05-02T21:46:52.787-04:00 DEBUG 21740 --- [atenciones] [           main] org.hibernate.type.BasicTypeRegistry     : Adding type registration date -> org.hibernate.type.BasicTypeReference@2e1add6f
2024-05-02T21:46:52.787-04:00 DEBUG 21740 --- [atenciones] [           main] org.hibernate.type.BasicTypeRegistry     : Adding type registration java.sql.Date -> org.hibernate.type.BasicTypeReference@2e1add6f
2024-05-02T21:46:52.787-04:00 DEBUG 21740 --- [atenciones] [           main] org.hibernate.type.BasicTypeRegistry     : Adding type registration time -> org.hibernate.type.BasicTypeReference@467af68c
2024-05-02T21:46:52.787-04:00 DEBUG 21740 --- [atenciones] [           main] org.hibernate.type.BasicTypeRegistry     : Adding type registration java.sql.Time -> org.hibernate.type.BasicTypeReference@467af68c
2024-05-02T21:46:52.787-04:00 DEBUG 21740 --- [atenciones] [           main] org.hibernate.type.BasicTypeRegistry     : Adding type registration timestamp -> org.hibernate.type.BasicTypeReference@43786627
2024-05-02T21:46:52.787-04:00 DEBUG 21740 --- [atenciones] [           main] org.hibernate.type.BasicTypeRegistry     : Adding type registration java.sql.Timestamp -> org.hibernate.type.BasicTypeReference@43786627
2024-05-02T21:46:52.787-04:00 DEBUG 21740 --- [atenciones] [           main] org.hibernate.type.BasicTypeRegistry     : Adding type registration java.util.Date -> org.hibernate.type.BasicTypeReference@43786627
2024-05-02T21:46:52.788-04:00 DEBUG 21740 --- [atenciones] [           main] org.hibernate.type.BasicTypeRegistry     : Adding type registration calendar -> org.hibernate.type.BasicTypeReference@1d6f77d7
2024-05-02T21:46:52.788-04:00 DEBUG 21740 --- [atenciones] [           main] org.hibernate.type.BasicTypeRegistry     : Adding type registration java.util.Calendar -> org.hibernate.type.BasicTypeReference@1d6f77d7
2024-05-02T21:46:52.788-04:00 DEBUG 21740 --- [atenciones] [           main] org.hibernate.type.BasicTypeRegistry     : Adding type registration java.util.GregorianCalendar -> org.hibernate.type.BasicTypeReference@1d6f77d7
2024-05-02T21:46:52.788-04:00 DEBUG 21740 --- [atenciones] [           main] org.hibernate.type.BasicTypeRegistry     : Adding type registration calendar_date -> org.hibernate.type.BasicTypeReference@65e620b0
2024-05-02T21:46:52.788-04:00 DEBUG 21740 --- [atenciones] [           main] org.hibernate.type.BasicTypeRegistry     : Adding type registration calendar_time -> org.hibernate.type.BasicTypeReference@74707df8
2024-05-02T21:46:52.788-04:00 DEBUG 21740 --- [atenciones] [           main] org.hibernate.type.BasicTypeRegistry     : Adding type registration instant -> org.hibernate.type.BasicTypeReference@12c76d6e
2024-05-02T21:46:52.788-04:00 DEBUG 21740 --- [atenciones] [           main] org.hibernate.type.BasicTypeRegistry     : Adding type registration java.time.Instant -> org.hibernate.type.BasicTypeReference@12c76d6e
2024-05-02T21:46:52.788-04:00 DEBUG 21740 --- [atenciones] [           main] org.hibernate.type.BasicTypeRegistry     : Adding type registration uuid -> org.hibernate.type.BasicTypeReference@46702c26
2024-05-02T21:46:52.788-04:00 DEBUG 21740 --- [atenciones] [           main] org.hibernate.type.BasicTypeRegistry     : Adding type registration java.util.UUID -> org.hibernate.type.BasicTypeReference@46702c26
2024-05-02T21:46:52.788-04:00 DEBUG 21740 --- [atenciones] [           main] org.hibernate.type.BasicTypeRegistry     : Adding type registration pg-uuid -> org.hibernate.type.BasicTypeReference@46702c26
2024-05-02T21:46:52.788-04:00 DEBUG 21740 --- [atenciones] [           main] org.hibernate.type.BasicTypeRegistry     : Adding type registration uuid-binary -> org.hibernate.type.BasicTypeReference@7956f93a
2024-05-02T21:46:52.788-04:00 DEBUG 21740 --- [atenciones] [           main] org.hibernate.type.BasicTypeRegistry     : Adding type registration uuid-char -> org.hibernate.type.BasicTypeReference@e3ed455
2024-05-02T21:46:52.788-04:00 DEBUG 21740 --- [atenciones] [           main] org.hibernate.type.BasicTypeRegistry     : Adding type registration class -> org.hibernate.type.BasicTypeReference@27bb74e1
2024-05-02T21:46:52.788-04:00 DEBUG 21740 --- [atenciones] [           main] org.hibernate.type.BasicTypeRegistry     : Adding type registration java.lang.Class -> org.hibernate.type.BasicTypeReference@27bb74e1
2024-05-02T21:46:52.788-04:00 DEBUG 21740 --- [atenciones] [           main] org.hibernate.type.BasicTypeRegistry     : Adding type registration currency -> org.hibernate.type.BasicTypeReference@606d6d2c
2024-05-02T21:46:52.788-04:00 DEBUG 21740 --- [atenciones] [           main] org.hibernate.type.BasicTypeRegistry     : Adding type registration Currency -> org.hibernate.type.BasicTypeReference@606d6d2c
2024-05-02T21:46:52.788-04:00 DEBUG 21740 --- [atenciones] [           main] org.hibernate.type.BasicTypeRegistry     : Adding type registration java.util.Currency -> org.hibernate.type.BasicTypeReference@606d6d2c
2024-05-02T21:46:52.789-04:00 DEBUG 21740 --- [atenciones] [           main] org.hibernate.type.BasicTypeRegistry     : Adding type registration locale -> org.hibernate.type.BasicTypeReference@2e3cd732
2024-05-02T21:46:52.789-04:00 DEBUG 21740 --- [atenciones] [           main] org.hibernate.type.BasicTypeRegistry     : Adding type registration java.util.Locale -> org.hibernate.type.BasicTypeReference@2e3cd732
2024-05-02T21:46:52.789-04:00 DEBUG 21740 --- [atenciones] [           main] org.hibernate.type.BasicTypeRegistry     : Adding type registration serializable -> org.hibernate.type.BasicTypeReference@56d822dc
2024-05-02T21:46:52.789-04:00 DEBUG 21740 --- [atenciones] [           main] org.hibernate.type.BasicTypeRegistry     : Adding type registration java.io.Serializable -> org.hibernate.type.BasicTypeReference@56d822dc
2024-05-02T21:46:52.789-04:00 DEBUG 21740 --- [atenciones] [           main] org.hibernate.type.BasicTypeRegistry     : Adding type registration timezone -> org.hibernate.type.BasicTypeReference@2ab8589a
2024-05-02T21:46:52.789-04:00 DEBUG 21740 --- [atenciones] [           main] org.hibernate.type.BasicTypeRegistry     : Adding type registration java.util.TimeZone -> org.hibernate.type.BasicTypeReference@2ab8589a
2024-05-02T21:46:52.789-04:00 DEBUG 21740 --- [atenciones] [           main] org.hibernate.type.BasicTypeRegistry     : Adding type registration ZoneOffset -> org.hibernate.type.BasicTypeReference@21b744ec
2024-05-02T21:46:52.789-04:00 DEBUG 21740 --- [atenciones] [           main] org.hibernate.type.BasicTypeRegistry     : Adding type registration java.time.ZoneOffset -> org.hibernate.type.BasicTypeReference@21b744ec
2024-05-02T21:46:52.789-04:00 DEBUG 21740 --- [atenciones] [           main] org.hibernate.type.BasicTypeRegistry     : Adding type registration url -> org.hibernate.type.BasicTypeReference@697a92af
2024-05-02T21:46:52.789-04:00 DEBUG 21740 --- [atenciones] [           main] org.hibernate.type.BasicTypeRegistry     : Adding type registration java.net.URL -> org.hibernate.type.BasicTypeReference@697a92af
2024-05-02T21:46:52.789-04:00 DEBUG 21740 --- [atenciones] [           main] org.hibernate.type.BasicTypeRegistry     : Adding type registration vector -> org.hibernate.type.BasicTypeReference@7ea3839e
2024-05-02T21:46:52.789-04:00 DEBUG 21740 --- [atenciones] [           main] org.hibernate.type.BasicTypeRegistry     : Adding type registration row_version -> org.hibernate.type.BasicTypeReference@16b76858
2024-05-02T21:46:52.789-04:00 DEBUG 21740 --- [atenciones] [           main] org.hibernate.type.BasicTypeRegistry     : Adding type registration object -> org.hibernate.type.JavaObjectType@44eb2452
2024-05-02T21:46:52.789-04:00 DEBUG 21740 --- [atenciones] [           main] org.hibernate.type.BasicTypeRegistry     : Adding type registration java.lang.Object -> org.hibernate.type.JavaObjectType@44eb2452
2024-05-02T21:46:52.789-04:00 DEBUG 21740 --- [atenciones] [           main] org.hibernate.type.BasicTypeRegistry     : Adding type registration null -> org.hibernate.type.NullType@2086d469
2024-05-02T21:46:52.789-04:00 DEBUG 21740 --- [atenciones] [           main] org.hibernate.type.BasicTypeRegistry     : Adding type registration imm_date -> org.hibernate.type.BasicTypeReference@68a0a4ae
2024-05-02T21:46:52.789-04:00 DEBUG 21740 --- [atenciones] [           main] org.hibernate.type.BasicTypeRegistry     : Adding type registration imm_time -> org.hibernate.type.BasicTypeReference@426753a6
2024-05-02T21:46:52.789-04:00 DEBUG 21740 --- [atenciones] [           main] org.hibernate.type.BasicTypeRegistry     : Adding type registration imm_timestamp -> org.hibernate.type.BasicTypeReference@2692910f
2024-05-02T21:46:52.790-04:00 DEBUG 21740 --- [atenciones] [           main] org.hibernate.type.BasicTypeRegistry     : Adding type registration imm_calendar -> org.hibernate.type.BasicTypeReference@22816de1
2024-05-02T21:46:52.790-04:00 DEBUG 21740 --- [atenciones] [           main] org.hibernate.type.BasicTypeRegistry     : Adding type registration imm_calendar_date -> org.hibernate.type.BasicTypeReference@4f6938cb
2024-05-02T21:46:52.790-04:00 DEBUG 21740 --- [atenciones] [           main] org.hibernate.type.BasicTypeRegistry     : Adding type registration imm_calendar_time -> org.hibernate.type.BasicTypeReference@376ba8e3
2024-05-02T21:46:52.790-04:00 DEBUG 21740 --- [atenciones] [           main] org.hibernate.type.BasicTypeRegistry     : Adding type registration imm_binary -> org.hibernate.type.BasicTypeReference@5434de8
2024-05-02T21:46:52.790-04:00 DEBUG 21740 --- [atenciones] [           main] org.hibernate.type.BasicTypeRegistry     : Adding type registration imm_serializable -> org.hibernate.type.BasicTypeReference@2c84d6c4
2024-05-02T21:46:52.793-04:00 DEBUG 21740 --- [atenciones] [           main] o.h.boot.internal.BootstrapContextImpl   : Injecting JPA temp ClassLoader [org.springframework.instrument.classloading.SimpleThrowawayClassLoader@40eb85e9] into BootstrapContext; was [null]
2024-05-02T21:46:52.793-04:00 DEBUG 21740 --- [atenciones] [           main] o.h.boot.internal.ClassLoaderAccessImpl  : ClassLoaderAccessImpl#injectTempClassLoader(org.springframework.instrument.classloading.SimpleThrowawayClassLoader@40eb85e9) [was null]
2024-05-02T21:46:52.793-04:00 DEBUG 21740 --- [atenciones] [           main] o.h.boot.internal.BootstrapContextImpl   : Injecting ScanEnvironment [org.hibernate.jpa.boot.internal.StandardJpaScanEnvironmentImpl@5f58ac11] into BootstrapContext; was [null]
2024-05-02T21:46:52.794-04:00 DEBUG 21740 --- [atenciones] [           main] o.h.boot.internal.BootstrapContextImpl   : Injecting ScanOptions [org.hibernate.boot.archive.scan.internal.StandardScanOptions@55e073c8] into BootstrapContext; was [org.hibernate.boot.archive.scan.internal.StandardScanOptions@1768c77f]
2024-05-02T21:46:52.804-04:00  INFO 21740 --- [atenciones] [           main] o.s.o.j.p.SpringPersistenceUnitInfo      : No LoadTimeWeaver setup: ignoring JPA class transformer
2024-05-02T21:46:52.804-04:00 DEBUG 21740 --- [atenciones] [           main] o.h.boot.internal.BootstrapContextImpl   : Injecting JPA temp ClassLoader [null] into BootstrapContext; was [org.springframework.instrument.classloading.SimpleThrowawayClassLoader@40eb85e9]
2024-05-02T21:46:52.804-04:00 DEBUG 21740 --- [atenciones] [           main] o.h.boot.internal.ClassLoaderAccessImpl  : ClassLoaderAccessImpl#injectTempClassLoader(null) [was org.springframework.instrument.classloading.SimpleThrowawayClassLoader@40eb85e9]
2024-05-02T21:46:52.805-04:00  INFO 21740 --- [atenciones] [           main] com.zaxxer.hikari.HikariDataSource       : HikariPool-2 - Starting...
2024-05-02T21:46:52.805-04:00  WARN 21740 --- [atenciones] [           main] c.zaxxer.hikari.util.DriverDataSource    : Registered driver with driverClassName=oracle.jdbc.driver.OracleDriver was not found, trying direct instantiation.
2024-05-02T21:46:53.591-04:00  INFO 21740 --- [atenciones] [           main] com.zaxxer.hikari.pool.HikariPool        : HikariPool-2 - Added connection oracle.jdbc.driver.T4CConnection@312eb
2024-05-02T21:46:53.592-04:00  INFO 21740 --- [atenciones] [           main] com.zaxxer.hikari.HikariDataSource       : HikariPool-2 - Start completed.
2024-05-02T21:46:53.592-04:00 DEBUG 21740 --- [atenciones] [           main] o.h.e.j.e.i.JdbcEnvironmentInitiator     : Database ->
       name : Oracle
    version : Oracle Database 19c Enterprise Edition Release 19.0.0.0.0 - Production
Version 19.23.0.1.0
      major : 19
      minor : 0
2024-05-02T21:46:53.592-04:00 DEBUG 21740 --- [atenciones] [           main] o.h.e.j.e.i.JdbcEnvironmentInitiator     : Driver ->
       name : Oracle JDBC driver
    version : 21.9.0.0.0
      major : 21
      minor : 9
2024-05-02T21:46:53.592-04:00 DEBUG 21740 --- [atenciones] [           main] o.h.e.j.e.i.JdbcEnvironmentInitiator     : JDBC version : 4.3
2024-05-02T21:46:53.598-04:00  WARN 21740 --- [atenciones] [           main] org.hibernate.orm.deprecation            : HHH90000025: OracleDialect does not need to be specified explicitly using 'hibernate.dialect' (remove the property setting and it will be selected by default)
2024-05-02T21:46:53.598-04:00 DEBUG 21740 --- [atenciones] [           main] org.hibernate.orm.dialect                : HHH035001: Using dialect: org.hibernate.dialect.OracleDialect, version: 19.0
2024-05-02T21:46:53.612-04:00 DEBUG 21740 --- [atenciones] [           main] o.h.t.d.jdbc.spi.JdbcTypeRegistry        : addDescriptor(NCharTypeDescriptor) replaced previous registration(CharTypeDescriptor)
2024-05-02T21:46:53.612-04:00 DEBUG 21740 --- [atenciones] [           main] o.h.t.d.jdbc.spi.JdbcTypeRegistry        : addDescriptor(NVarcharTypeDescriptor) replaced previous registration(VarcharTypeDescriptor)
2024-05-02T21:46:53.612-04:00 DEBUG 21740 --- [atenciones] [           main] o.h.t.d.jdbc.spi.JdbcTypeRegistry        : addDescriptor(LongNVarcharTypeDescriptor) replaced previous registration(LongVarcharTypeDescriptor)
2024-05-02T21:46:53.612-04:00 DEBUG 21740 --- [atenciones] [           main] o.h.t.d.jdbc.spi.JdbcTypeRegistry        : addDescriptor(NClobTypeDescriptor(DEFAULT)) replaced previous registration(ClobTypeDescriptor(DEFAULT))
2024-05-02T21:46:53.612-04:00 DEBUG 21740 --- [atenciones] [           main] o.h.t.d.jdbc.spi.JdbcTypeRegistry        : addDescriptor(2005, ClobTypeDescriptor(STREAM_BINDING)) replaced previous registration(ClobTypeDescriptor(DEFAULT))
2024-05-02T21:46:53.613-04:00 DEBUG 21740 --- [atenciones] [           main] o.h.t.d.jdbc.spi.JdbcTypeRegistry        : addDescriptor(BooleanTypeDescriptor) replaced previous registration(BooleanTypeDescriptor)
2024-05-02T21:46:53.613-04:00 DEBUG 21740 --- [atenciones] [           main] org.hibernate.type.BasicTypeRegistry     : Adding type registration null -> org.hibernate.type.NullType@45dc4d1a
2024-05-02T21:46:53.613-04:00 DEBUG 21740 --- [atenciones] [           main] org.hibernate.type.BasicTypeRegistry     : Type registration key [null] overrode previous entry : `org.hibernate.type.NullType@2086d469`
2024-05-02T21:46:53.613-04:00 DEBUG 21740 --- [atenciones] [           main] org.hibernate.type.BasicTypeRegistry     : Adding type registration JAVA_OBJECT -> org.hibernate.type.JavaObjectType@4dbcc8ce
2024-05-02T21:46:53.613-04:00 DEBUG 21740 --- [atenciones] [           main] org.hibernate.type.BasicTypeRegistry     : Adding type registration java.lang.Object -> org.hibernate.type.JavaObjectType@4dbcc8ce
2024-05-02T21:46:53.613-04:00 DEBUG 21740 --- [atenciones] [           main] org.hibernate.type.BasicTypeRegistry     : Type registration key [java.lang.Object] overrode previous entry : `org.hibernate.type.JavaObjectType@44eb2452`
2024-05-02T21:46:53.613-04:00 DEBUG 21740 --- [atenciones] [           main] org.hibernate.type.BasicTypeRegistry     : Adding type registration org.hibernate.type.DurationType -> basicType@22(java.time.Duration,3015)
2024-05-02T21:46:53.613-04:00 DEBUG 21740 --- [atenciones] [           main] org.hibernate.type.BasicTypeRegistry     : Adding type registration Duration -> basicType@22(java.time.Duration,3015)
2024-05-02T21:46:53.613-04:00 DEBUG 21740 --- [atenciones] [           main] org.hibernate.type.BasicTypeRegistry     : Adding type registration java.time.Duration -> basicType@22(java.time.Duration,3015)
2024-05-02T21:46:53.613-04:00 DEBUG 21740 --- [atenciones] [           main] o.h.type.spi.TypeConfiguration$Scope     : Scoping TypeConfiguration [org.hibernate.type.spi.TypeConfiguration@60a98fa6] to MetadataBuildingContext [org.hibernate.boot.internal.MetadataBuildingContextRootImpl@3af4b14e]
2024-05-02T21:46:53.613-04:00 DEBUG 21740 --- [atenciones] [           main] o.h.boot.model.relational.Namespace      : Created database namespace [logicalName=Name{catalog=null, schema=null}, physicalName=Name{catalog=null, schema=null}]
2024-05-02T21:46:53.614-04:00 DEBUG 21740 --- [atenciones] [           main] o.h.boot.model.internal.EntityBinder     : Binding entity from annotated class: com.medicas.atenciones.model.Atencion
2024-05-02T21:46:53.614-04:00 DEBUG 21740 --- [atenciones] [           main] o.h.boot.model.internal.EntityBinder     : Import with entity name Atencion
2024-05-02T21:46:53.614-04:00 DEBUG 21740 --- [atenciones] [           main] o.h.boot.model.internal.EntityBinder     : Bind entity com.medicas.atenciones.model.Atencion on table atencion
2024-05-02T21:46:53.616-04:00 DEBUG 21740 --- [atenciones] [           main] o.h.boot.model.internal.AnnotatedColumn  : Binding column: AnnotatedDiscriminatorColumn(column='DTYPE')
2024-05-02T21:46:53.618-04:00 DEBUG 21740 --- [atenciones] [           main] o.h.boot.model.internal.AnnotatedColumn  : Binding column: AnnotatedColumn(column='id')
2024-05-02T21:46:53.618-04:00 DEBUG 21740 --- [atenciones] [           main] o.h.boot.internal.ClassLoaderAccessImpl  : Not known whether passed class name [com.medicas.atenciones.model.Atencion] is safe
2024-05-02T21:46:53.618-04:00 DEBUG 21740 --- [atenciones] [           main] o.h.boot.internal.ClassLoaderAccessImpl  : No temp ClassLoader provided; using live ClassLoader for loading potentially unsafe class : com.medicas.atenciones.model.Atencion
2024-05-02T21:46:53.618-04:00 DEBUG 21740 --- [atenciones] [           main] o.h.boot.model.internal.PropertyBinder   : MetadataSourceProcessor property id with lazy=false
2024-05-02T21:46:53.618-04:00 DEBUG 21740 --- [atenciones] [           main] o.h.b.m.internal.AbstractPropertyHolder  : Attempting to locate auto-apply AttributeConverter for property [com.medicas.atenciones.model.Atencion:id]
2024-05-02T21:46:53.618-04:00 DEBUG 21740 --- [atenciones] [           main] o.h.b.model.internal.BasicValueBinder    : building BasicValue for id
2024-05-02T21:46:53.618-04:00 DEBUG 21740 --- [atenciones] [           main] org.hibernate.mapping.BasicValue         : Skipping column re-registration: atencion.id
2024-05-02T21:46:53.619-04:00 DEBUG 21740 --- [atenciones] [           main] o.h.boot.model.internal.PropertyBinder   : Building property id
2024-05-02T21:46:53.619-04:00 DEBUG 21740 --- [atenciones] [           main] o.h.boot.model.internal.BinderHelper     : #makeIdGenerator(BasicValue([Column(id)]), id, assigned, , ...)
2024-05-02T21:46:53.619-04:00 DEBUG 21740 --- [atenciones] [           main] o.h.boot.model.internal.AnnotatedColumn  : Binding column: AnnotatedColumn(column='estado')
2024-05-02T21:46:53.619-04:00 DEBUG 21740 --- [atenciones] [           main] o.h.boot.model.internal.PropertyBinder   : MetadataSourceProcessor property estado with lazy=false
2024-05-02T21:46:53.619-04:00 DEBUG 21740 --- [atenciones] [           main] o.h.b.m.internal.AbstractPropertyHolder  : Attempting to locate auto-apply AttributeConverter for property [com.medicas.atenciones.model.Atencion:estado]
2024-05-02T21:46:53.619-04:00 DEBUG 21740 --- [atenciones] [           main] o.h.b.model.internal.BasicValueBinder    : building BasicValue for estado
2024-05-02T21:46:53.619-04:00 DEBUG 21740 --- [atenciones] [           main] org.hibernate.mapping.BasicValue         : Skipping column re-registration: atencion.estado
2024-05-02T21:46:53.619-04:00 DEBUG 21740 --- [atenciones] [           main] o.h.boot.model.internal.PropertyBinder   : Building property estado
2024-05-02T21:46:53.620-04:00 DEBUG 21740 --- [atenciones] [           main] o.h.boot.model.internal.AnnotatedColumn  : Binding column: AnnotatedColumn(column='fecha_atencion')
2024-05-02T21:46:53.620-04:00 DEBUG 21740 --- [atenciones] [           main] o.h.boot.model.internal.PropertyBinder   : MetadataSourceProcessor property fecha_atencion with lazy=false
2024-05-02T21:46:53.620-04:00 DEBUG 21740 --- [atenciones] [           main] o.h.b.m.internal.AbstractPropertyHolder  : Attempting to locate auto-apply AttributeConverter for property [com.medicas.atenciones.model.Atencion:fecha_atencion]
2024-05-02T21:46:53.620-04:00 DEBUG 21740 --- [atenciones] [           main] o.h.b.model.internal.BasicValueBinder    : building BasicValue for fecha_atencion
2024-05-02T21:46:53.620-04:00 DEBUG 21740 --- [atenciones] [           main] org.hibernate.mapping.BasicValue         : Skipping column re-registration: atencion.fecha_atencion
2024-05-02T21:46:53.620-04:00 DEBUG 21740 --- [atenciones] [           main] o.h.boot.model.internal.PropertyBinder   : Building property fecha_atencion
2024-05-02T21:46:53.620-04:00 DEBUG 21740 --- [atenciones] [           main] o.h.boot.model.internal.AnnotatedColumn  : Binding column: AnnotatedColumn(column='medico_id')
2024-05-02T21:46:53.621-04:00 DEBUG 21740 --- [atenciones] [           main] o.h.boot.model.internal.PropertyBinder   : MetadataSourceProcessor property medico_id with lazy=false
2024-05-02T21:46:53.621-04:00 DEBUG 21740 --- [atenciones] [           main] o.h.b.m.internal.AbstractPropertyHolder  : Attempting to locate auto-apply AttributeConverter for property [com.medicas.atenciones.model.Atencion:medico_id]
2024-05-02T21:46:53.621-04:00 DEBUG 21740 --- [atenciones] [           main] o.h.b.model.internal.BasicValueBinder    : building BasicValue for medico_id
2024-05-02T21:46:53.621-04:00 DEBUG 21740 --- [atenciones] [           main] org.hibernate.mapping.BasicValue         : Skipping column re-registration: atencion.medico_id
2024-05-02T21:46:53.621-04:00 DEBUG 21740 --- [atenciones] [           main] o.h.boot.model.internal.PropertyBinder   : Building property medico_id
2024-05-02T21:46:53.621-04:00 DEBUG 21740 --- [atenciones] [           main] o.h.boot.model.internal.AnnotatedColumn  : Binding column: AnnotatedColumn(column='paciente_id')
2024-05-02T21:46:53.621-04:00 DEBUG 21740 --- [atenciones] [           main] o.h.boot.model.internal.PropertyBinder   : MetadataSourceProcessor property paciente_id with lazy=false
2024-05-02T21:46:53.621-04:00 DEBUG 21740 --- [atenciones] [           main] o.h.b.m.internal.AbstractPropertyHolder  : Attempting to locate auto-apply AttributeConverter for property [com.medicas.atenciones.model.Atencion:paciente_id]
2024-05-02T21:46:53.621-04:00 DEBUG 21740 --- [atenciones] [           main] o.h.b.model.internal.BasicValueBinder    : building BasicValue for paciente_id
2024-05-02T21:46:53.621-04:00 DEBUG 21740 --- [atenciones] [           main] org.hibernate.mapping.BasicValue         : Skipping column re-registration: atencion.paciente_id
2024-05-02T21:46:53.621-04:00 DEBUG 21740 --- [atenciones] [           main] o.h.boot.model.internal.PropertyBinder   : Building property paciente_id
2024-05-02T21:46:53.622-04:00 DEBUG 21740 --- [atenciones] [           main] o.h.b.r.c.i.ClassLoaderServiceImpl       : HHH000194: Package not found or wo package-info.java: com.medicas.atenciones.model
2024-05-02T21:46:53.623-04:00 DEBUG 21740 --- [atenciones] [           main] o.h.boot.model.internal.EntityBinder     : Binding entity from annotated class: com.medicas.atenciones.model.Medico
2024-05-02T21:46:53.623-04:00 DEBUG 21740 --- [atenciones] [           main] o.h.boot.model.internal.EntityBinder     : Import with entity name Medico
2024-05-02T21:46:53.624-04:00 DEBUG 21740 --- [atenciones] [           main] o.h.boot.model.internal.EntityBinder     : Bind entity com.medicas.atenciones.model.Medico on table medico
2024-05-02T21:46:53.624-04:00 DEBUG 21740 --- [atenciones] [           main] o.h.boot.model.internal.AnnotatedColumn  : Binding column: AnnotatedDiscriminatorColumn(column='DTYPE')
2024-05-02T21:46:53.624-04:00 DEBUG 21740 --- [atenciones] [           main] o.h.boot.model.internal.AnnotatedColumn  : Binding column: AnnotatedColumn(column='id')
2024-05-02T21:46:53.625-04:00 DEBUG 21740 --- [atenciones] [           main] o.h.boot.internal.ClassLoaderAccessImpl  : Not known whether passed class name [com.medicas.atenciones.model.Medico] is safe
2024-05-02T21:46:53.625-04:00 DEBUG 21740 --- [atenciones] [           main] o.h.boot.internal.ClassLoaderAccessImpl  : No temp ClassLoader provided; using live ClassLoader for loading potentially unsafe class : com.medicas.atenciones.model.Medico
2024-05-02T21:46:53.625-04:00 DEBUG 21740 --- [atenciones] [           main] o.h.boot.model.internal.PropertyBinder   : MetadataSourceProcessor property id with lazy=false
2024-05-02T21:46:53.625-04:00 DEBUG 21740 --- [atenciones] [           main] o.h.b.m.internal.AbstractPropertyHolder  : Attempting to locate auto-apply AttributeConverter for property [com.medicas.atenciones.model.Medico:id]
2024-05-02T21:46:53.625-04:00 DEBUG 21740 --- [atenciones] [           main] o.h.b.model.internal.BasicValueBinder    : building BasicValue for id
2024-05-02T21:46:53.625-04:00 DEBUG 21740 --- [atenciones] [           main] org.hibernate.mapping.BasicValue         : Skipping column re-registration: medico.id
2024-05-02T21:46:53.625-04:00 DEBUG 21740 --- [atenciones] [           main] o.h.boot.model.internal.PropertyBinder   : Building property id
2024-05-02T21:46:53.625-04:00 DEBUG 21740 --- [atenciones] [           main] o.h.boot.model.internal.BinderHelper     : #makeIdGenerator(BasicValue([Column(id)]), id, assigned, , ...)
2024-05-02T21:46:53.625-04:00 DEBUG 21740 --- [atenciones] [           main] o.h.boot.model.internal.AnnotatedColumn  : Binding column: AnnotatedColumn(column='apellido')
2024-05-02T21:46:53.625-04:00 DEBUG 21740 --- [atenciones] [           main] o.h.boot.model.internal.PropertyBinder   : MetadataSourceProcessor property apellido with lazy=false
2024-05-02T21:46:53.625-04:00 DEBUG 21740 --- [atenciones] [           main] o.h.b.m.internal.AbstractPropertyHolder  : Attempting to locate auto-apply AttributeConverter for property [com.medicas.atenciones.model.Medico:apellido]
2024-05-02T21:46:53.625-04:00 DEBUG 21740 --- [atenciones] [           main] o.h.b.model.internal.BasicValueBinder    : building BasicValue for apellido
2024-05-02T21:46:53.625-04:00 DEBUG 21740 --- [atenciones] [           main] org.hibernate.mapping.BasicValue         : Skipping column re-registration: medico.apellido
2024-05-02T21:46:53.625-04:00 DEBUG 21740 --- [atenciones] [           main] o.h.boot.model.internal.PropertyBinder   : Building property apellido
2024-05-02T21:46:53.626-04:00 DEBUG 21740 --- [atenciones] [           main] o.h.boot.model.internal.AnnotatedColumn  : Binding column: AnnotatedColumn(column='nombre')
2024-05-02T21:46:53.626-04:00 DEBUG 21740 --- [atenciones] [           main] o.h.boot.model.internal.PropertyBinder   : MetadataSourceProcessor property nombre with lazy=false
2024-05-02T21:46:53.626-04:00 DEBUG 21740 --- [atenciones] [           main] o.h.b.m.internal.AbstractPropertyHolder  : Attempting to locate auto-apply AttributeConverter for property [com.medicas.atenciones.model.Medico:nombre]
2024-05-02T21:46:53.626-04:00 DEBUG 21740 --- [atenciones] [           main] o.h.b.model.internal.BasicValueBinder    : building BasicValue for nombre
2024-05-02T21:46:53.626-04:00 DEBUG 21740 --- [atenciones] [           main] org.hibernate.mapping.BasicValue         : Skipping column re-registration: medico.nombre
2024-05-02T21:46:53.626-04:00 DEBUG 21740 --- [atenciones] [           main] o.h.boot.model.internal.PropertyBinder   : Building property nombre
2024-05-02T21:46:53.626-04:00 DEBUG 21740 --- [atenciones] [           main] o.h.boot.model.internal.AnnotatedColumn  : Binding column: AnnotatedColumn(column='profesion')
2024-05-02T21:46:53.626-04:00 DEBUG 21740 --- [atenciones] [           main] o.h.boot.model.internal.PropertyBinder   : MetadataSourceProcessor property profesion with lazy=false
2024-05-02T21:46:53.627-04:00 DEBUG 21740 --- [atenciones] [           main] o.h.b.m.internal.AbstractPropertyHolder  : Attempting to locate auto-apply AttributeConverter for property [com.medicas.atenciones.model.Medico:profesion]
2024-05-02T21:46:53.627-04:00 DEBUG 21740 --- [atenciones] [           main] o.h.b.model.internal.BasicValueBinder    : building BasicValue for profesion
2024-05-02T21:46:53.627-04:00 DEBUG 21740 --- [atenciones] [           main] org.hibernate.mapping.BasicValue         : Skipping column re-registration: medico.profesion
2024-05-02T21:46:53.627-04:00 DEBUG 21740 --- [atenciones] [           main] o.h.boot.model.internal.PropertyBinder   : Building property profesion
2024-05-02T21:46:53.628-04:00 DEBUG 21740 --- [atenciones] [           main] o.h.b.r.c.i.ClassLoaderServiceImpl       : HHH000194: Package not found or wo package-info.java: com.medicas.atenciones.model
2024-05-02T21:46:53.628-04:00 DEBUG 21740 --- [atenciones] [           main] o.h.boot.model.internal.EntityBinder     : Binding entity from annotated class: com.medicas.atenciones.model.Paciente
2024-05-02T21:46:53.629-04:00 DEBUG 21740 --- [atenciones] [           main] o.h.boot.model.internal.EntityBinder     : Import with entity name Paciente
2024-05-02T21:46:53.629-04:00 DEBUG 21740 --- [atenciones] [           main] o.h.boot.model.internal.EntityBinder     : Bind entity com.medicas.atenciones.model.Paciente on table paciente
2024-05-02T21:46:53.629-04:00 DEBUG 21740 --- [atenciones] [           main] o.h.boot.model.internal.AnnotatedColumn  : Binding column: AnnotatedDiscriminatorColumn(column='DTYPE')
2024-05-02T21:46:53.630-04:00 DEBUG 21740 --- [atenciones] [           main] o.h.boot.model.internal.AnnotatedColumn  : Binding column: AnnotatedColumn(column='id')
2024-05-02T21:46:53.631-04:00 DEBUG 21740 --- [atenciones] [           main] o.h.boot.internal.ClassLoaderAccessImpl  : Not known whether passed class name [com.medicas.atenciones.model.Paciente] is safe
2024-05-02T21:46:53.631-04:00 DEBUG 21740 --- [atenciones] [           main] o.h.boot.internal.ClassLoaderAccessImpl  : No temp ClassLoader provided; using live ClassLoader for loading potentially unsafe class : com.medicas.atenciones.model.Paciente
2024-05-02T21:46:53.631-04:00 DEBUG 21740 --- [atenciones] [           main] o.h.boot.model.internal.PropertyBinder   : MetadataSourceProcessor property id with lazy=false
2024-05-02T21:46:53.631-04:00 DEBUG 21740 --- [atenciones] [           main] o.h.b.m.internal.AbstractPropertyHolder  : Attempting to locate auto-apply AttributeConverter for property [com.medicas.atenciones.model.Paciente:id]
2024-05-02T21:46:53.631-04:00 DEBUG 21740 --- [atenciones] [           main] o.h.b.model.internal.BasicValueBinder    : building BasicValue for id
2024-05-02T21:46:53.631-04:00 DEBUG 21740 --- [atenciones] [           main] org.hibernate.mapping.BasicValue         : Skipping column re-registration: paciente.id
2024-05-02T21:46:53.631-04:00 DEBUG 21740 --- [atenciones] [           main] o.h.boot.model.internal.PropertyBinder   : Building property id
2024-05-02T21:46:53.631-04:00 DEBUG 21740 --- [atenciones] [           main] o.h.boot.model.internal.BinderHelper     : #makeIdGenerator(BasicValue([Column(id)]), id, assigned, , ...)
2024-05-02T21:46:53.633-04:00 DEBUG 21740 --- [atenciones] [           main] o.h.boot.model.internal.AnnotatedColumn  : Binding column: AnnotatedColumn(column='apellido')
2024-05-02T21:46:53.633-04:00 DEBUG 21740 --- [atenciones] [           main] o.h.boot.model.internal.PropertyBinder   : MetadataSourceProcessor property apellido with lazy=false
2024-05-02T21:46:53.633-04:00 DEBUG 21740 --- [atenciones] [           main] o.h.b.m.internal.AbstractPropertyHolder  : Attempting to locate auto-apply AttributeConverter for property [com.medicas.atenciones.model.Paciente:apellido]
2024-05-02T21:46:53.633-04:00 DEBUG 21740 --- [atenciones] [           main] o.h.b.model.internal.BasicValueBinder    : building BasicValue for apellido
2024-05-02T21:46:53.633-04:00 DEBUG 21740 --- [atenciones] [           main] org.hibernate.mapping.BasicValue         : Skipping column re-registration: paciente.apellido
2024-05-02T21:46:53.633-04:00 DEBUG 21740 --- [atenciones] [           main] o.h.boot.model.internal.PropertyBinder   : Building property apellido
2024-05-02T21:46:53.633-04:00 DEBUG 21740 --- [atenciones] [           main] o.h.boot.model.internal.AnnotatedColumn  : Binding column: AnnotatedColumn(column='direccion')
2024-05-02T21:46:53.634-04:00 DEBUG 21740 --- [atenciones] [           main] o.h.boot.model.internal.PropertyBinder   : MetadataSourceProcessor property direccion with lazy=false
2024-05-02T21:46:53.634-04:00 DEBUG 21740 --- [atenciones] [           main] o.h.b.m.internal.AbstractPropertyHolder  : Attempting to locate auto-apply AttributeConverter for property [com.medicas.atenciones.model.Paciente:direccion]
2024-05-02T21:46:53.634-04:00 DEBUG 21740 --- [atenciones] [           main] o.h.b.model.internal.BasicValueBinder    : building BasicValue for direccion
2024-05-02T21:46:53.634-04:00 DEBUG 21740 --- [atenciones] [           main] org.hibernate.mapping.BasicValue         : Skipping column re-registration: paciente.direccion
2024-05-02T21:46:53.634-04:00 DEBUG 21740 --- [atenciones] [           main] o.h.boot.model.internal.PropertyBinder   : Building property direccion
2024-05-02T21:46:53.634-04:00 DEBUG 21740 --- [atenciones] [           main] o.h.boot.model.internal.AnnotatedColumn  : Binding column: AnnotatedColumn(column='dv')
2024-05-02T21:46:53.634-04:00 DEBUG 21740 --- [atenciones] [           main] o.h.boot.model.internal.PropertyBinder   : MetadataSourceProcessor property dv with lazy=false
[...]

   JpaBaseConfiguration#entityManagerFactory matched:
      - @ConditionalOnMissingBean (types: org.springframework.orm.jpa.LocalContainerEntityManagerFactoryBean,jakarta.persistence.EntityManagerFactory; SearchStrategy: all) did not find any beans (OnBeanCondition)

   JpaBaseConfiguration#entityManagerFactoryBuilder matched:
      - @ConditionalOnMissingBean (types: org.springframework.boot.orm.jpa.EntityManagerFactoryBuilder; SearchStrategy: all) did not find any beans (OnBeanCondition)

   JpaBaseConfiguration#jpaVendorAdapter matched:
      - @ConditionalOnMissingBean (types: org.springframework.orm.jpa.JpaVendorAdapter; SearchStrategy: all) did not find any beans (OnBeanCondition)

   JpaBaseConfiguration#transactionManager matched:
      - @ConditionalOnMissingBean (types: org.springframework.transaction.TransactionManager; SearchStrategy: all) did not find any beans (OnBeanCondition)

   JpaBaseConfiguration.PersistenceManagedTypesConfiguration matched:
      - @ConditionalOnMissingBean (types: org.springframework.orm.jpa.LocalContainerEntityManagerFactoryBean,jakarta.persistence.EntityManagerFactory; SearchStrategy: all) did not find any beans (OnBeanCondition)

   JpaBaseConfiguration.PersistenceManagedTypesConfiguration#persistenceManagedTypes matched:
      - @ConditionalOnMissingBean (types: org.springframework.orm.jpa.persistenceunit.PersistenceManagedTypes; SearchStrategy: all) did not find any beans (OnBeanCondition)

   JpaRepositoriesAutoConfiguration matched:
      - @ConditionalOnClass found required class 'org.springframework.data.jpa.repository.JpaRepository' (OnClassCondition)
      - @ConditionalOnProperty (spring.data.jpa.repositories.enabled=true) matched (OnPropertyCondition)
      - @ConditionalOnBean (types: javax.sql.DataSource; SearchStrategy: all) found bean 'dataSource'; @ConditionalOnMissingBean (types: org.springframework.data.jpa.repository.support.JpaRepositoryFactoryBean,org.springframework.data.jpa.repository.config.JpaRepositoryConfigExtension; SearchStrategy: all) did not find any beans (OnBeanCondition)

   NamedParameterJdbcTemplateConfiguration matched:
      - @ConditionalOnSingleCandidate (types: org.springframework.jdbc.core.JdbcTemplate; SearchStrategy: all) found a single bean 'jdbcTemplate'; @ConditionalOnMissingBean (types: org.springframework.jdbc.core.namedparam.NamedParameterJdbcOperations; SearchStrategy: all) did not find any beans (OnBeanCondition)

   NoOpCacheConfiguration matched:
      - Cache org.springframework.boot.autoconfigure.cache.NoOpCacheConfiguration NONE cache type (CacheCondition)

   SqlInitializationAutoConfiguration matched:
      - @ConditionalOnProperty (spring.sql.init.enabled) matched (OnPropertyCondition)
      - NoneNestedConditions 0 matched 1 did not; NestedCondition on SqlInitializationAutoConfiguration.SqlInitializationModeCondition.ModeIsNever @ConditionalOnProperty (spring.sql.init.mode=never) did not find property 'mode' (SqlInitializationAutoConfiguration.SqlInitializationModeCondition)

   TestEntityManagerAutoConfiguration matched:
      - @ConditionalOnClass found required class 'jakarta.persistence.EntityManagerFactory' (OnClassCondition)

   TestEntityManagerAutoConfiguration#testEntityManager matched:
      - @ConditionalOnMissingBean (types: org.springframework.boot.test.autoconfigure.orm.jpa.TestEntityManager; SearchStrategy: all) did not find any beans (OnBeanCondition)

   TransactionAutoConfiguration matched:
      - @ConditionalOnClass found required class 'org.springframework.transaction.PlatformTransactionManager' (OnClassCondition)

   TransactionAutoConfiguration.EnableTransactionManagementConfiguration matched:
      - @ConditionalOnBean (types: org.springframework.transaction.TransactionManager; SearchStrategy: all) found bean 'transactionManager'; @ConditionalOnMissingBean (types: org.springframework.transaction.annotation.AbstractTransactionManagementConfiguration; SearchStrategy: all) did not find any beans (OnBeanCondition)

   TransactionAutoConfiguration.EnableTransactionManagementConfiguration.CglibAutoProxyConfiguration matched:
      - @ConditionalOnProperty (spring.aop.proxy-target-class=true) matched (OnPropertyCondition)

   TransactionAutoConfiguration.TransactionTemplateConfiguration matched:
      - @ConditionalOnSingleCandidate (types: org.springframework.transaction.PlatformTransactionManager; SearchStrategy: all) found a single bean 'transactionManager' (OnBeanCondition)

   TransactionAutoConfiguration.TransactionTemplateConfiguration#transactionTemplate matched:
      - @ConditionalOnMissingBean (types: org.springframework.transaction.support.TransactionOperations; SearchStrategy: all) did not find any beans (OnBeanCondition)


Negative matches:
-----------------

   Cache2kCacheConfiguration:
      Did not match:
         - @ConditionalOnClass did not find required class 'org.cache2k.Cache2kBuilder' (OnClassCondition)

   CacheAutoConfiguration:
      Did not match:
         - @ConditionalOnBean (types: org.springframework.cache.interceptor.CacheAspectSupport; SearchStrategy: all) did not find any beans of type org.springframework.cache.interceptor.CacheAspectSupport (OnBeanCondition)
      Matched:
         - @ConditionalOnClass found required class 'org.springframework.cache.CacheManager' (OnClassCondition)

   CacheAutoConfiguration.CacheManagerEntityManagerFactoryDependsOnPostProcessor:
      Did not match:
         - Ancestor org.springframework.boot.autoconfigure.cache.CacheAutoConfiguration did not match (ConditionEvaluationReport.AncestorsMatchedCondition)
      Matched:
         - @ConditionalOnClass found required class 'org.springframework.orm.jpa.LocalContainerEntityManagerFactoryBean' (OnClassCondition)

   CaffeineCacheConfiguration:
      Did not match:
         - @ConditionalOnClass did not find required class 'com.github.benmanes.caffeine.cache.Caffeine' (OnClassCondition)

   CouchbaseCacheConfiguration:
      Did not match:
         - @ConditionalOnClass did not find required class 'com.couchbase.client.java.Cluster' (OnClassCondition)

   DataSourceAutoConfiguration.EmbeddedDatabaseConfiguration:
      Did not match:
         - EmbeddedDataSource spring.datasource.url is set (DataSourceAutoConfiguration.EmbeddedDatabaseCondition)

   DataSourceCheckpointRestoreConfiguration:
      Did not match:
         - @ConditionalOnClass did not find required class 'org.crac.Resource' (OnClassCondition)

   DataSourceConfiguration.Dbcp2:
      Did not match:
         - @ConditionalOnClass did not find required class 'org.apache.commons.dbcp2.BasicDataSource' (OnClassCondition)

   DataSourceConfiguration.Generic:
      Did not match:
         - @ConditionalOnProperty (spring.datasource.type) did not find property 'spring.datasource.type' (OnPropertyCondition)

   DataSourceConfiguration.OracleUcp:
      Did not match:
         - @ConditionalOnClass did not find required class 'oracle.ucp.jdbc.PoolDataSourceImpl' (OnClassCondition)

   DataSourceConfiguration.Tomcat:
      Did not match:
         - @ConditionalOnClass did not find required class 'org.apache.tomcat.jdbc.pool.DataSource' (OnClassCondition)

   DataSourceJmxConfiguration:
      Did not match:
         - @ConditionalOnProperty (spring.jmx.enabled=true) found different value in property 'enabled' (OnPropertyCondition)

   DataSourcePoolMetadataProvidersConfiguration.CommonsDbcp2PoolDataSourceMetadataProviderConfiguration:
      Did not match:
         - @ConditionalOnClass did not find required class 'org.apache.commons.dbcp2.BasicDataSource' (OnClassCondition)

   DataSourcePoolMetadataProvidersConfiguration.OracleUcpPoolDataSourceMetadataProviderConfiguration:
      Did not match:
         - @ConditionalOnClass did not find required class 'oracle.ucp.jdbc.PoolDataSource' (OnClassCondition)

   DataSourcePoolMetadataProvidersConfiguration.TomcatDataSourcePoolMetadataProviderConfiguration:
      Did not match:
         - @ConditionalOnClass did not find required class 'org.apache.tomcat.jdbc.pool.DataSource' (OnClassCondition)

   DataSourceTransactionManagerAutoConfiguration.JdbcTransactionManagerConfiguration#transactionManager:
      Did not match:
         - @ConditionalOnMissingBean (types: org.springframework.transaction.TransactionManager; SearchStrategy: all) found beans of type 'org.springframework.transaction.TransactionManager' transactionManager (OnBeanCondition)

   FlywayAutoConfiguration:
      Did not match:
         - @ConditionalOnClass did not find required class 'org.flywaydb.core.Flyway' (OnClassCondition)

   GenericCacheConfiguration:
      Did not match:
         - Cache org.springframework.boot.autoconfigure.cache.GenericCacheConfiguration unknown cache type (CacheCondition)

   HazelcastCacheConfiguration:
      Did not match:
         - @ConditionalOnClass did not find required class 'com.hazelcast.core.HazelcastInstance' (OnClassCondition)

   InfinispanCacheConfiguration:
      Did not match:
         - @ConditionalOnClass did not find required class 'org.infinispan.spring.embedded.provider.SpringEmbeddedCacheManager' (OnClassCondition)

   JCacheCacheConfiguration:
      Did not match:
         - @ConditionalOnClass did not find required class 'javax.cache.Caching' (OnClassCondition)

   JpaBaseConfiguration.JpaWebConfiguration:
      Did not match:
         - not a servlet web application (OnWebApplicationCondition)
      Matched:
         - @ConditionalOnClass found required class 'org.springframework.web.servlet.config.annotation.WebMvcConfigurer' (OnClassCondition)

   JpaRepositoriesAutoConfiguration#entityManagerFactoryBootstrapExecutorCustomizer:
      Did not match:
         - AnyNestedCondition 0 matched 2 did not; NestedCondition on JpaRepositoriesAutoConfiguration.BootstrapExecutorCondition.LazyBootstrapMode @ConditionalOnProperty (spring.data.jpa.repositories.bootstrap-mode=lazy) found different value in property 'bootstrap-mode'; NestedCondition on JpaRepositoriesAutoConfiguration.BootstrapExecutorCondition.DeferredBootstrapMode @ConditionalOnProperty (spring.data.jpa.repositories.bootstrap-mode=deferred) found different value in property 'bootstrap-mode' (JpaRepositoriesAutoConfiguration.BootstrapExecutorCondition)

   LiquibaseAutoConfiguration:
      Did not match:
         - @ConditionalOnClass did not find required class 'liquibase.change.DatabaseChange' (OnClassCondition)

   R2dbcInitializationConfiguration:
      Did not match:
         - @ConditionalOnClass did not find required classes 'io.r2dbc.spi.ConnectionFactory', 'org.springframework.r2dbc.connection.init.DatabasePopulator' (OnClassCondition)

   RedisCacheConfiguration:
      Did not match:
         - @ConditionalOnClass did not find required class 'org.springframework.data.redis.connection.RedisConnectionFactory' (OnClassCondition)

   SimpleCacheConfiguration:
      Did not match:
         - Cache org.springframework.boot.autoconfigure.cache.SimpleCacheConfiguration unknown cache type (CacheCondition)

   TestDatabaseAutoConfiguration#dataSource:
      Did not match:
         - @ConditionalOnProperty (spring.test.database.replace=AUTO_CONFIGURED) found different value in property 'replace' (OnPropertyCondition)

   TestDatabaseAutoConfiguration#embeddedDataSourceBeanFactoryPostProcessor:
      Did not match:
         - @ConditionalOnProperty (spring.test.database.replace=ANY) found different value in property 'replace' (OnPropertyCondition)

   TransactionAutoConfiguration#transactionalOperator:
      Did not match:
         - @ConditionalOnSingleCandidate (types: org.springframework.transaction.ReactiveTransactionManager; SearchStrategy: all) did not find any beans (OnBeanCondition)

   TransactionAutoConfiguration.AspectJTransactionManagementConfiguration:
      Did not match:
         - @ConditionalOnBean (types: org.springframework.transaction.aspectj.AbstractTransactionAspect; SearchStrategy: all) did not find any beans of type org.springframework.transaction.aspectj.AbstractTransactionAspect (OnBeanCondition)

   TransactionAutoConfiguration.EnableTransactionManagementConfiguration.JdkDynamicAutoProxyConfiguration:
      Did not match:
         - @ConditionalOnProperty (spring.aop.proxy-target-class=false) did not find property 'proxy-target-class' (OnPropertyCondition)


Exclusions:
-----------

    None


Unconditional classes:
----------------------

    org.springframework.boot.test.autoconfigure.jdbc.TestDatabaseAutoConfiguration



2024-05-02T21:46:54.175-04:00  INFO 21740 --- [atenciones] [           main] c.m.a.repository.PacienteRepositoryTest  : Started PacienteRepositoryTest in 2.117 seconds (process running for 19.33)
2024-05-02T21:46:54.175-04:00 DEBUG 21740 --- [atenciones] [           main] org.springframework.test.context.cache   : Spring test ApplicationContext cache statistics: [DefaultContextCache@6c39ba30 size = 2, maxSize = 32, parentContextCount = 0, hitCount = 12, missCount = 2, failureCount = 0]
2024-05-02T21:46:54.177-04:00 DEBUG 21740 --- [atenciones] [           main] org.springframework.test.context.cache   : Spring test ApplicationContext cache statistics: [DefaultContextCache@6c39ba30 size = 2, maxSize = 32, parentContextCount = 0, hitCount = 13, missCount = 2, failureCount = 0]
2024-05-02T21:46:54.185-04:00 DEBUG 21740 --- [atenciones] [           main] sContextBeforeModesTestExecutionListener : Before test method: class [PacienteRepositoryTest], method [obtenerPacienteByRutTest], class annotated with @DirtiesContext [false] with mode [null], method annotated with @DirtiesContext [false] with mode [null]
2024-05-02T21:46:54.201-04:00 DEBUG 21740 --- [atenciones] [           main] t.c.t.TransactionalTestExecutionListener : Explicit transaction definition [PROPAGATION_REQUIRED,ISOLATION_DEFAULT] found for test class [com.medicas.atenciones.repository.PacienteRepositoryTest] and test method [obtenerPacienteByRutTest]
2024-05-02T21:46:54.202-04:00 DEBUG 21740 --- [atenciones] [           main] org.springframework.test.context.cache   : Spring test ApplicationContext cache statistics: [DefaultContextCache@6c39ba30 size = 2, maxSize = 32, parentContextCount = 0, hitCount = 14, missCount = 2, failureCount = 0]
2024-05-02T21:46:54.204-04:00 DEBUG 21740 --- [atenciones] [           main] t.c.t.TransactionalTestExecutionListener : No method-level @Rollback override: using default rollback [true] for test method [public void com.medicas.atenciones.repository.PacienteRepositoryTest.obtenerPacienteByRutTest()]
2024-05-02T21:46:54.206-04:00 DEBUG 21740 --- [atenciones] [           main] o.s.orm.jpa.JpaTransactionManager        : Creating new transaction with name [com.medicas.atenciones.repository.PacienteRepositoryTest.obtenerPacienteByRutTest]: PROPAGATION_REQUIRED,ISOLATION_DEFAULT
2024-05-02T21:46:54.209-04:00 DEBUG 21740 --- [atenciones] [           main] o.s.orm.jpa.JpaTransactionManager        : Opened new EntityManager [SessionImpl(1270516<open>)] for JPA transaction
2024-05-02T21:46:54.214-04:00 DEBUG 21740 --- [atenciones] [           main] o.h.e.t.internal.TransactionImpl         : On TransactionImpl creation, JpaCompliance#isJpaTransactionComplianceEnabled == false
2024-05-02T21:46:54.214-04:00 DEBUG 21740 --- [atenciones] [           main] o.h.e.t.internal.TransactionImpl         : begin
2024-05-02T21:46:54.237-04:00 DEBUG 21740 --- [atenciones] [           main] o.s.orm.jpa.JpaTransactionManager        : Exposing JPA transaction as JDBC [org.springframework.orm.jpa.vendor.HibernateJpaDialect$HibernateConnectionHandle@71adea8d]
2024-05-02T21:46:54.238-04:00 DEBUG 21740 --- [atenciones] [           main] o.s.t.c.transaction.TransactionContext   : Began transaction (1) for test class [com.medicas.atenciones.repository.PacienteRepositoryTest]; test method [obtenerPacienteByRutTest]; transaction manager [org.springframework.orm.jpa.JpaTransactionManager@9dc9212]; rollback [true]
2024-05-02T21:46:54.238-04:00 DEBUG 21740 --- [atenciones] [           main] org.springframework.test.context.cache   : Spring test ApplicationContext cache statistics: [DefaultContextCache@6c39ba30 size = 2, maxSize = 32, parentContextCount = 0, hitCount = 15, missCount = 2, failureCount = 0]
2024-05-02T21:46:54.239-04:00 DEBUG 21740 --- [atenciones] [           main] org.springframework.test.context.cache   : Spring test ApplicationContext cache statistics: [DefaultContextCache@6c39ba30 size = 2, maxSize = 32, parentContextCount = 0, hitCount = 16, missCount = 2, failureCount = 0]
2024-05-02T21:46:54.239-04:00 DEBUG 21740 --- [atenciones] [           main] org.springframework.test.context.cache   : Spring test ApplicationContext cache statistics: [DefaultContextCache@6c39ba30 size = 2, maxSize = 32, parentContextCount = 0, hitCount = 17, missCount = 2, failureCount = 0]
2024-05-02T21:46:54.338-04:00 DEBUG 21740 --- [atenciones] [           main] org.springframework.test.context.cache   : Spring test ApplicationContext cache statistics: [DefaultContextCache@6c39ba30 size = 2, maxSize = 32, parentContextCount = 0, hitCount = 18, missCount = 2, failureCount = 0]
2024-05-02T21:46:54.339-04:00 DEBUG 21740 --- [atenciones] [           main] org.springframework.test.context.cache   : Spring test ApplicationContext cache statistics: [DefaultContextCache@6c39ba30 size = 2, maxSize = 32, parentContextCount = 0, hitCount = 19, missCount = 2, failureCount = 0]
2024-05-02T21:46:54.340-04:00 DEBUG 21740 --- [atenciones] [           main] org.springframework.test.context.cache   : Spring test ApplicationContext cache statistics: [DefaultContextCache@6c39ba30 size = 2, maxSize = 32, parentContextCount = 0, hitCount = 20, missCount = 2, failureCount = 0]
2024-05-02T21:46:54.340-04:00 DEBUG 21740 --- [atenciones] [           main] org.springframework.test.context.cache   : Spring test ApplicationContext cache statistics: [DefaultContextCache@6c39ba30 size = 2, maxSize = 32, parentContextCount = 0, hitCount = 21, missCount = 2, failureCount = 0]
2024-05-02T21:46:54.340-04:00 DEBUG 21740 --- [atenciones] [           main] org.springframework.test.context.cache   : Spring test ApplicationContext cache statistics: [DefaultContextCache@6c39ba30 size = 2, maxSize = 32, parentContextCount = 0, hitCount = 22, missCount = 2, failureCount = 0]
2024-05-02T21:46:54.348-04:00 DEBUG 21740 --- [atenciones] [           main] org.springframework.test.context.cache   : Spring test ApplicationContext cache statistics: [DefaultContextCache@6c39ba30 size = 2, maxSize = 32, parentContextCount = 0, hitCount = 23, missCount = 2, failureCount = 0]
2024-05-02T21:46:54.351-04:00 DEBUG 21740 --- [atenciones] [           main] o.s.orm.jpa.JpaTransactionManager        : Initiating transaction rollback
2024-05-02T21:46:54.352-04:00 DEBUG 21740 --- [atenciones] [           main] o.s.orm.jpa.JpaTransactionManager        : Rolling back JPA transaction on EntityManager [SessionImpl(1270516<open>)]
2024-05-02T21:46:54.352-04:00 DEBUG 21740 --- [atenciones] [           main] o.h.e.t.internal.TransactionImpl         : rolling back
2024-05-02T21:46:54.366-04:00 DEBUG 21740 --- [atenciones] [           main] o.s.orm.jpa.JpaTransactionManager        : Closing JPA EntityManager [SessionImpl(1270516<open>)] after transaction
2024-05-02T21:46:54.366-04:00 DEBUG 21740 --- [atenciones] [           main] o.s.t.c.transaction.TransactionContext   : Rolled back transaction (1) for test class [com.medicas.atenciones.repository.PacienteRepositoryTest]; test method [obtenerPacienteByRutTest]
2024-05-02T21:46:54.367-04:00 DEBUG 21740 --- [atenciones] [           main] .c.s.DirtiesContextTestExecutionListener : After test method: class [PacienteRepositoryTest], method [obtenerPacienteByRutTest], class annotated with @DirtiesContext [false] with mode [null], method annotated with @DirtiesContext [false] with mode [null]
]]></system-out>
  </testcase>
</testsuite>